Log file open, 04/29/22 13:56:01
LogWindows: Failed to load 'aqProf.dll' (GetLastError=126)
LogWindows: File 'aqProf.dll' does not exist
LogWindows: Failed to load 'VtuneApi.dll' (GetLastError=126)
LogWindows: File 'VtuneApi.dll' does not exist
LogWindows: Failed to load 'VtuneApi32e.dll' (GetLastError=126)
LogWindows: File 'VtuneApi32e.dll' does not exist
LogConsoleResponse: Display: Failed to find resolution value strings in scalability ini. Falling back to default.
LogConsoleResponse: Display: Failed to find resolution value strings in scalability ini. Falling back to default.
LogInit: Display: Running engine for game: boneChurch
LogPlatformFile: Not using cached read wrapper
LogTaskGraph: Started task graph with 5 named threads and 47 total threads with 3 sets of task threads.
LogStats: Stats thread started at 0.271714
LogICUInternationalization: ICU TimeZone Detection - Raw Offset: -5:00, Platform Override: ''
LogInit: Display: Loading text-based GConfig....
LogPluginManager: Mounting plugin MeshPainting
LogPluginManager: Mounting plugin XGEController
LogPluginManager: Mounting plugin Paper2D
LogPluginManager: Mounting plugin LiveLink
LogPluginManager: Mounting plugin AISupport
LogPluginManager: Mounting plugin EnvironmentQueryEditor
LogPluginManager: Mounting plugin LightPropagationVolume
LogPluginManager: Mounting plugin OodleNetwork
LogPluginManager: Mounting plugin OodleData
LogPluginManager: Mounting plugin CameraShakePreviewer
LogPluginManager: Mounting plugin GameplayCameras
LogPluginManager: Mounting plugin Niagara
LogPluginManager: Mounting plugin AnimationSharing
LogPluginManager: Mounting plugin CLionSourceCodeAccess
LogPluginManager: Mounting plugin CodeLiteSourceCodeAccess
LogPluginManager: Mounting plugin GitSourceControl
LogPluginManager: Mounting plugin KDevelopSourceCodeAccess
LogPluginManager: Mounting plugin NullSourceCodeAccess
LogPluginManager: Mounting plugin PerforceSourceControl
LogPluginManager: Mounting plugin PlasticSourceControl
LogPluginManager: Mounting plugin PluginUtils
LogPluginManager: Mounting plugin PixWinPlugin
LogPluginManager: Mounting plugin PropertyAccessNode
LogPluginManager: Mounting plugin RiderSourceCodeAccess
LogPluginManager: Mounting plugin TextureFormatOodle
LogPluginManager: Mounting plugin SubversionSourceControl
LogPluginManager: Mounting plugin UObjectPlugin
LogPluginManager: Mounting plugin AssetManagerEditor
LogPluginManager: Mounting plugin VisualStudioCodeSourceCodeAccess
LogPluginManager: Mounting plugin DatasmithContent
LogPluginManager: Mounting plugin XCodeSourceCodeAccess
LogPluginManager: Mounting plugin VisualStudioSourceCodeAccess
LogPluginManager: Mounting plugin VariantManagerContent
LogPluginManager: Mounting plugin CurveEditorTools
LogPluginManager: Mounting plugin CryptoKeys
LogPluginManager: Mounting plugin DataValidation
LogPluginManager: Mounting plugin FacialAnimation
LogPluginManager: Mounting plugin GameplayTagsEditor
LogPluginManager: Mounting plugin GeometryMode
LogPluginManager: Mounting plugin MaterialAnalyzer
LogPluginManager: Mounting plugin PluginBrowser
LogPluginManager: Mounting plugin MobileLauncherProfileWizard
LogPluginManager: Mounting plugin LuminPlatformFeatures
LogPluginManager: Mounting plugin MacGraphicsSwitching
LogPluginManager: Mounting plugin MagicLeap
LogPluginManager: Mounting plugin SpeedTreeImporter
LogPluginManager: Mounting plugin MagicLeapLightEstimation
LogPluginManager: Mounting plugin MagicLeapMedia
LogPluginManager: Mounting plugin MagicLeapPassableWorld
LogPluginManager: Mounting plugin MLSDK
LogPluginManager: Mounting plugin AndroidMedia
LogPluginManager: Mounting plugin AvfMedia
LogPluginManager: Mounting plugin ImgMedia
LogPluginManager: Mounting plugin MediaCompositing
LogPluginManager: Mounting plugin MediaPlayerEditor
LogPluginManager: Mounting plugin WebMMedia
LogPluginManager: Mounting plugin WmfMedia
LogPluginManager: Mounting plugin AlembicImporter
LogPluginManager: Mounting plugin AutomationUtils
LogPluginManager: Mounting plugin BackChannel
LogPluginManager: Mounting plugin ChaosCloth
LogPluginManager: Mounting plugin CharacterAI
LogPluginManager: Mounting plugin ChaosClothEditor
LogPluginManager: Mounting plugin ChaosEditor
LogPluginManager: Mounting plugin ChaosNiagara
LogPluginManager: Mounting plugin ChaosSolverPlugin
LogPluginManager: Mounting plugin TcpMessaging
LogPluginManager: Mounting plugin GeometryCache
LogPluginManager: Mounting plugin UdpMessaging
LogPluginManager: Mounting plugin GeometryCollectionPlugin
LogPluginManager: Mounting plugin LevelSequenceEditor
LogPluginManager: Mounting plugin ActorSequence
LogPluginManager: Mounting plugin MatineeToLevelSequence
LogPluginManager: Mounting plugin GeometryProcessing
LogPluginManager: Mounting plugin TemplateSequence
LogPluginManager: Mounting plugin MotoSynth
LogPluginManager: Mounting plugin OpenImageDenoise
LogPluginManager: Mounting plugin PlanarCut
LogPluginManager: Mounting plugin PlatformCrypto
LogPluginManager: Mounting plugin ProxyLODPlugin
LogPluginManager: Mounting plugin PythonScriptPlugin
LogPluginManager: Mounting plugin SkeletalReduction
LogPluginManager: Mounting plugin OnlineSubsystem
LogPluginManager: Mounting plugin OnlineSubsystemNull
LogPluginManager: Mounting plugin ActorLayerUtilities
LogPluginManager: Mounting plugin OnlineSubsystemUtils
LogPluginManager: Mounting plugin LauncherChunkInstaller
LogPluginManager: Mounting plugin AndroidDeviceProfileSelector
LogPluginManager: Mounting plugin AndroidMoviePlayer
LogPluginManager: Mounting plugin AndroidPermission
LogPluginManager: Mounting plugin AppleImageUtils
LogPluginManager: Mounting plugin ArchVisCharacter
LogPluginManager: Mounting plugin AppleMoviePlayer
LogPluginManager: Mounting plugin AssetTags
LogPluginManager: Mounting plugin CableComponent
LogPluginManager: Mounting plugin ChunkDownloader
LogPluginManager: Mounting plugin AudioCapture
LogPluginManager: Mounting plugin AudioSynesthesia
LogPluginManager: Mounting plugin EditableMesh
LogPluginManager: Mounting plugin ExampleDeviceProfileSelector
LogPluginManager: Mounting plugin CustomMeshComponent
LogPluginManager: Mounting plugin GoogleCloudMessaging
LogPluginManager: Mounting plugin GooglePAD
LogPluginManager: Mounting plugin IOSDeviceProfileSelector
LogPluginManager: Mounting plugin LocationServicesBPLibrary
LogPluginManager: Mounting plugin LinuxDeviceProfileSelector
LogPluginManager: Mounting plugin MobilePatchingUtils
LogPluginManager: Mounting plugin OpenXRHandTracking
LogPluginManager: Mounting plugin OpenXR
LogPluginManager: Mounting plugin OpenXREyeTracker
LogPluginManager: Mounting plugin PhysXVehicles
LogPluginManager: Mounting plugin PostSplashScreen
LogPluginManager: Mounting plugin ProceduralMeshComponent
LogPluginManager: Mounting plugin PropertyAccessEditor
LogPluginManager: Mounting plugin RuntimePhysXCooking
LogPluginManager: Mounting plugin SignificanceManager
LogPluginManager: Mounting plugin SoundFields
LogPluginManager: Mounting plugin Synthesis
LogPluginManager: Mounting plugin WebMMoviePlayer
LogPluginManager: Mounting plugin WindowsMoviePlayer
LogPluginManager: Mounting plugin ScreenshotTools
LogPluginManager: Mounting plugin Takes
LogPluginManager: Mounting plugin ContentBrowserClassDataSource
LogPluginManager: Mounting plugin ContentBrowserAssetDataSource
LogPluginManager: Mounting plugin ContentBrowserFileDataSource
LogPluginManager: Mounting plugin OnlineSubsystemGooglePlay
LogPluginManager: Mounting plugin OnlineSubsystemIOS
LogPluginManager: Mounting plugin OculusVR
LogPluginManager: Mounting plugin SteamVR
PixWinPlugin: PIX capture plugin failed to initialize! Check that the process is launched from PIX.
LogInit: Using libcurl 7.55.1-DEV
LogInit:  - built for x86_64-pc-win32
LogInit:  - supports SSL with OpenSSL/1.1.1
LogInit:  - supports HTTP deflate (compression) using libz 1.2.8
LogInit:  - other features:
LogInit:      CURL_VERSION_SSL
LogInit:      CURL_VERSION_LIBZ
LogInit:      CURL_VERSION_IPV6
LogInit:      CURL_VERSION_ASYNCHDNS
LogInit:      CURL_VERSION_LARGEFILE
LogInit:      CURL_VERSION_IDN
LogInit:  CurlRequestOptions (configurable via config and command line):
LogInit:  - bVerifyPeer = true  - Libcurl will verify peer certificate
LogInit:  - bUseHttpProxy = false  - Libcurl will NOT use HTTP proxy
LogInit:  - bDontReuseConnections = false  - Libcurl will reuse connections
LogInit:  - MaxHostConnections = 16  - Libcurl will limit the number of connections to a host
LogInit:  - LocalHostAddr = Default
LogInit:  - BufferSize = 65536
LogOnline: OSS: Creating online subsystem instance for: NULL
LogInit: WinSock: version 1.1 (2.2), MaxSocks=32767, MaxUdp=65467
LogOnline: OSS: TryLoadSubsystemAndSetDefault: Loaded subsystem for module [NULL]
LogOculusPluginWrapper: OculusPlugin initialized successfully
LogHMD: Failed initializing OVRPlugin 1.59.0
LogInit: Build: ++UE4+Release-4.27-CL-18319896
LogInit: Engine Version: 4.27.2-18319896+++UE4+Release-4.27
LogInit: Compatible Engine Version: 4.27.0-17155196+++UE4+Release-4.27
LogInit: Net CL: 17155196
LogInit: OS: Windows 10 (Release 2009) (), CPU: AMD Ryzen 7 5800H with Radeon Graphics         , GPU: AMD Radeon(TM) Graphics
LogInit: Compiled (64-bit): Nov 30 2021 07:12:08
LogInit: Compiled with Visual C++: 19.24.28315.00
LogInit: Build Configuration: Development
LogInit: Branch Name: ++UE4+Release-4.27
LogInit: Command Line:  -EpicPortal -epicusername=ALee2420 -epicuserid=a246789743f348e8a9e3f780a6028ef0 -epiclocale=en -epicsandboxid=ue
LogInit: Base Directory: C:/Program Files/Epic Games/UE_4.27/Engine/Binaries/Win64/
LogInit: Allocator: TBB
LogInit: Installed Engine Build: 1
LogDevObjectVersion: Number of dev versions registered: 29
LogDevObjectVersion:   Dev-Blueprints (B0D832E4-1F89-4F0D-ACCF-7EB736FD4AA2): 10
LogDevObjectVersion:   Dev-Build (E1C64328-A22C-4D53-A36C-8E866417BD8C): 0
LogDevObjectVersion:   Dev-Core (375EC13C-06E4-48FB-B500-84F0262A717E): 4
LogDevObjectVersion:   Dev-Editor (E4B068ED-F494-42E9-A231-DA0B2E46BB41): 40
LogDevObjectVersion:   Dev-Framework (CFFC743F-43B0-4480-9391-14DF171D2073): 37
LogDevObjectVersion:   Dev-Mobile (B02B49B5-BB20-44E9-A304-32B752E40360): 3
LogDevObjectVersion:   Dev-Networking (A4E4105C-59A1-49B5-A7C5-40C4547EDFEE): 0
LogDevObjectVersion:   Dev-Online (39C831C9-5AE6-47DC-9A44-9C173E1C8E7C): 0
LogDevObjectVersion:   Dev-Physics (78F01B33-EBEA-4F98-B9B4-84EACCB95AA2): 14
LogDevObjectVersion:   Dev-Platform (6631380F-2D4D-43E0-8009-CF276956A95A): 0
LogDevObjectVersion:   Dev-Rendering (12F88B9F-8875-4AFC-A67C-D90C383ABD29): 45
LogDevObjectVersion:   Dev-Sequencer (7B5AE74C-D270-4C10-A958-57980B212A5A): 13
LogDevObjectVersion:   Dev-VR (D7296918-1DD6-4BDD-9DE2-64A83CC13884): 3
LogDevObjectVersion:   Dev-LoadTimes (C2A15278-BFE7-4AFE-6C17-90FF531DF755): 1
LogDevObjectVersion:   Private-Geometry (6EACA3D4-40EC-4CC1-B786-8BED09428FC5): 3
LogDevObjectVersion:   Dev-AnimPhys (29E575DD-E0A3-4627-9D10-D276232CDCEA): 17
LogDevObjectVersion:   Dev-Anim (AF43A65D-7FD3-4947-9873-3E8ED9C1BB05): 15
LogDevObjectVersion:   Dev-ReflectionCapture (6B266CEC-1EC7-4B8F-A30B-E4D90942FC07): 1
LogDevObjectVersion:   Dev-Automation (0DF73D61-A23F-47EA-B727-89E90C41499A): 1
LogDevObjectVersion:   FortniteMain (601D1886-AC64-4F84-AA16-D3DE0DEAC7D6): 47
LogDevObjectVersion:   FortniteRelease (E7086368-6B23-4C58-8439-1B7016265E91): 1
LogDevObjectVersion:   Dev-Enterprise (9DFFBCD6-494F-0158-E221-12823C92A888): 10
LogDevObjectVersion:   Dev-Niagara (F2AED0AC-9AFE-416F-8664-AA7FFA26D6FC): 1
LogDevObjectVersion:   Dev-Destruction (174F1F0B-B4C6-45A5-B13F-2EE8D0FB917D): 10
LogDevObjectVersion:   Dev-Physics-Ext (35F94A83-E258-406C-A318-09F59610247C): 41
LogDevObjectVersion:   Dev-PhysicsMaterial-Chaos (B68FC16E-8B1B-42E2-B453-215C058844FE): 1
LogDevObjectVersion:   Dev-CineCamera (B2E18506-4273-CFC2-A54E-F4BB758BBA07): 1
LogDevObjectVersion:   Dev-VirtualProduction (64F58936-FD1B-42BA-BA96-7289D5D0FA4E): 1
LogDevObjectVersion:   Dev-MediaFramework (6F0ED827-A609-4895-9C91-998D90180EA4): 2
LogInit: Presizing for max 25165824 objects, including 0 objects not considered by GC, pre-allocating 0 bytes for permanent pool.
LogConfig: Applying CVar settings from Section [/Script/Engine.StreamingSettings] File [C:/Users/allis/OneDrive/Documents/GitHub/3DEnviro/Saved/Config/Windows/Engine.ini]
LogConfig: Setting CVar [[s.MinBulkDataSizeForAsyncLoading:131072]]
LogConfig: Setting CVar [[s.AsyncLoadingThreadEnabled:0]]
LogConfig: Setting CVar [[s.EventDrivenLoaderEnabled:1]]
LogConfig: Setting CVar [[s.WarnIfTimeLimitExceeded:0]]
LogConfig: Setting CVar [[s.TimeLimitExceededMultiplier:1.5]]
LogConfig: Setting CVar [[s.TimeLimitExceededMinTime:0.005]]
LogConfig: Setting CVar [[s.UseBackgroundLevelStreaming:1]]
LogConfig: Setting CVar [[s.PriorityAsyncLoadingExtraTime:15.0]]
LogConfig: Setting CVar [[s.LevelStreamingActorsUpdateTimeLimit:5.0]]
LogConfig: Setting CVar [[s.PriorityLevelStreamingActorsUpdateExtraTime:5.0]]
LogConfig: Setting CVar [[s.LevelStreamingComponentsRegistrationGranularity:10]]
LogConfig: Setting CVar [[s.UnregisterComponentsTimeLimit:1.0]]
LogConfig: Setting CVar [[s.LevelStreamingComponentsUnregistrationGranularity:5]]
LogConfig: Setting CVar [[s.FlushStreamingOnExit:1]]
LogInit: Object subsystem initialized
LogConfig: Setting CVar [[con.DebugEarlyDefault:1]]
LogConfig: Setting CVar [[r.setres:1280x720]]
[2022.04.29-17.56.02:280][  0]LogConfig: Setting CVar [[r.VSync:0]]
[2022.04.29-17.56.02:281][  0]LogConfig: Setting CVar [[r.RHICmdBypass:0]]
[2022.04.29-17.56.02:281][  0]LogConfig: Applying CVar settings from Section [/Script/Engine.RendererSettings] File [C:/Users/allis/OneDrive/Documents/GitHub/3DEnviro/Saved/Config/Windows/Engine.ini]
[2022.04.29-17.56.02:281][  0]LogConfig: Setting CVar [[r.GPUCrashDebugging:0]]
[2022.04.29-17.56.02:281][  0]LogConfig: Applying CVar settings from Section [/Script/Engine.RendererOverrideSettings] File [C:/Users/allis/OneDrive/Documents/GitHub/3DEnviro/Saved/Config/Windows/Engine.ini]
[2022.04.29-17.56.02:281][  0]LogConfig: Applying CVar settings from Section [/Script/Engine.StreamingSettings] File [C:/Users/allis/OneDrive/Documents/GitHub/3DEnviro/Saved/Config/Windows/Engine.ini]
[2022.04.29-17.56.02:281][  0]LogConfig: Setting CVar [[s.MinBulkDataSizeForAsyncLoading:131072]]
[2022.04.29-17.56.02:281][  0]LogConfig: Setting CVar [[s.AsyncLoadingThreadEnabled:0]]
[2022.04.29-17.56.02:281][  0]LogConfig: Setting CVar [[s.EventDrivenLoaderEnabled:1]]
[2022.04.29-17.56.02:281][  0]LogConfig: Setting CVar [[s.WarnIfTimeLimitExceeded:0]]
[2022.04.29-17.56.02:281][  0]LogConfig: Setting CVar [[s.TimeLimitExceededMultiplier:1.5]]
[2022.04.29-17.56.02:281][  0]LogConfig: Setting CVar [[s.TimeLimitExceededMinTime:0.005]]
[2022.04.29-17.56.02:281][  0]LogConfig: Setting CVar [[s.UseBackgroundLevelStreaming:1]]
[2022.04.29-17.56.02:281][  0]LogConfig: Setting CVar [[s.PriorityAsyncLoadingExtraTime:15.0]]
[2022.04.29-17.56.02:281][  0]LogConfig: Setting CVar [[s.LevelStreamingActorsUpdateTimeLimit:5.0]]
[2022.04.29-17.56.02:281][  0]LogConfig: Setting CVar [[s.PriorityLevelStreamingActorsUpdateExtraTime:5.0]]
[2022.04.29-17.56.02:281][  0]LogConfig: Setting CVar [[s.LevelStreamingComponentsRegistrationGranularity:10]]
[2022.04.29-17.56.02:281][  0]LogConfig: Setting CVar [[s.UnregisterComponentsTimeLimit:1.0]]
[2022.04.29-17.56.02:281][  0]LogConfig: Setting CVar [[s.LevelStreamingComponentsUnregistrationGranularity:5]]
[2022.04.29-17.56.02:281][  0]LogConfig: Setting CVar [[s.FlushStreamingOnExit:1]]
[2022.04.29-17.56.02:281][  0]LogConfig: Applying CVar settings from Section [/Script/Engine.GarbageCollectionSettings] File [C:/Users/allis/OneDrive/Documents/GitHub/3DEnviro/Saved/Config/Windows/Engine.ini]
[2022.04.29-17.56.02:281][  0]LogConfig: Setting CVar [[gc.MaxObjectsNotConsideredByGC:1]]
[2022.04.29-17.56.02:281][  0]LogConfig: Setting CVar [[gc.SizeOfPermanentObjectPool:0]]
[2022.04.29-17.56.02:281][  0]LogConfig: Setting CVar [[gc.FlushStreamingOnGC:0]]
[2022.04.29-17.56.02:281][  0]LogConfig: Setting CVar [[gc.NumRetriesBeforeForcingGC:10]]
[2022.04.29-17.56.02:281][  0]LogConfig: Setting CVar [[gc.AllowParallelGC:1]]
[2022.04.29-17.56.02:281][  0]LogConfig: Setting CVar [[gc.TimeBetweenPurgingPendingKillObjects:61.1]]
[2022.04.29-17.56.02:281][  0]LogConfig: Setting CVar [[gc.MaxObjectsInEditor:25165824]]
[2022.04.29-17.56.02:281][  0]LogConfig: Setting CVar [[gc.IncrementalBeginDestroyEnabled:1]]
[2022.04.29-17.56.02:281][  0]LogConfig: Setting CVar [[gc.CreateGCClusters:1]]
[2022.04.29-17.56.02:281][  0]LogConfig: Setting CVar [[gc.MinGCClusterSize:5]]
[2022.04.29-17.56.02:281][  0]LogConfig: Setting CVar [[gc.ActorClusteringEnabled:0]]
[2022.04.29-17.56.02:281][  0]LogConfig: Setting CVar [[gc.BlueprintClusteringEnabled:0]]
[2022.04.29-17.56.02:281][  0]LogConfig: Setting CVar [[gc.UseDisregardForGCOnDedicatedServers:0]]
[2022.04.29-17.56.02:281][  0]LogConfig: Setting CVar [[gc.MultithreadedDestructionEnabled:1]]
[2022.04.29-17.56.02:281][  0]LogConfig: Applying CVar settings from Section [/Script/Engine.NetworkSettings] File [C:/Users/allis/OneDrive/Documents/GitHub/3DEnviro/Saved/Config/Windows/Engine.ini]
[2022.04.29-17.56.02:281][  0]LogConfig: Applying CVar settings from Section [/Script/UnrealEd.CookerSettings] File [C:/Users/allis/OneDrive/Documents/GitHub/3DEnviro/Saved/Config/Windows/Engine.ini]
[2022.04.29-17.56.02:286][  0]LogConfig: Applying CVar settings from Section [ViewDistanceQuality@3] File [C:/Users/allis/OneDrive/Documents/GitHub/3DEnviro/Saved/Config/Windows/Scalability.ini]
[2022.04.29-17.56.02:286][  0]LogConfig: Setting CVar [[r.SkeletalMeshLODBias:0]]
[2022.04.29-17.56.02:286][  0]LogConfig: Setting CVar [[r.ViewDistanceScale:1.0]]
[2022.04.29-17.56.02:286][  0]LogConfig: Applying CVar settings from Section [AntiAliasingQuality@3] File [C:/Users/allis/OneDrive/Documents/GitHub/3DEnviro/Saved/Config/Windows/Scalability.ini]
[2022.04.29-17.56.02:286][  0]LogConfig: Setting CVar [[r.PostProcessAAQuality:4]]
[2022.04.29-17.56.02:286][  0]LogConfig: Applying CVar settings from Section [ShadowQuality@3] File [C:/Users/allis/OneDrive/Documents/GitHub/3DEnviro/Saved/Config/Windows/Scalability.ini]
[2022.04.29-17.56.02:286][  0]LogConfig: Setting CVar [[r.LightFunctionQuality:1]]
[2022.04.29-17.56.02:286][  0]LogConfig: Setting CVar [[r.ShadowQuality:5]]
[2022.04.29-17.56.02:286][  0]LogConfig: Setting CVar [[r.Shadow.CSM.MaxCascades:10]]
[2022.04.29-17.56.02:286][  0]LogConfig: Setting CVar [[r.Shadow.MaxResolution:2048]]
[2022.04.29-17.56.02:286][  0]LogConfig: Setting CVar [[r.Shadow.MaxCSMResolution:2048]]
[2022.04.29-17.56.02:286][  0]LogConfig: Setting CVar [[r.Shadow.RadiusThreshold:0.01]]
[2022.04.29-17.56.02:286][  0]LogConfig: Setting CVar [[r.Shadow.DistanceScale:1.0]]
[2022.04.29-17.56.02:286][  0]LogConfig: Setting CVar [[r.Shadow.CSM.TransitionScale:1.0]]
[2022.04.29-17.56.02:286][  0]LogConfig: Setting CVar [[r.Shadow.PreShadowResolutionFactor:1.0]]
[2022.04.29-17.56.02:286][  0]LogConfig: Setting CVar [[r.DistanceFieldShadowing:1]]
[2022.04.29-17.56.02:286][  0]LogConfig: Setting CVar [[r.DistanceFieldAO:1]]
[2022.04.29-17.56.02:286][  0]LogConfig: Setting CVar [[r.AOQuality:2]]
[2022.04.29-17.56.02:286][  0]LogConfig: Setting CVar [[r.VolumetricFog:1]]
[2022.04.29-17.56.02:286][  0]LogConfig: Setting CVar [[r.VolumetricFog.GridPixelSize:8]]
[2022.04.29-17.56.02:286][  0]LogConfig: Setting CVar [[r.VolumetricFog.GridSizeZ:128]]
[2022.04.29-17.56.02:286][  0]LogConfig: Setting CVar [[r.VolumetricFog.HistoryMissSupersampleCount:4]]
[2022.04.29-17.56.02:286][  0]LogConfig: Setting CVar [[r.LightMaxDrawDistanceScale:1]]
[2022.04.29-17.56.02:286][  0]LogConfig: Setting CVar [[r.CapsuleShadows:1]]
[2022.04.29-17.56.02:286][  0]LogConfig: Applying CVar settings from Section [PostProcessQuality@3] File [C:/Users/allis/OneDrive/Documents/GitHub/3DEnviro/Saved/Config/Windows/Scalability.ini]
[2022.04.29-17.56.02:286][  0]LogConfig: Setting CVar [[r.MotionBlurQuality:4]]
[2022.04.29-17.56.02:286][  0]LogConfig: Setting CVar [[r.AmbientOcclusionMipLevelFactor:0.4]]
[2022.04.29-17.56.02:286][  0]LogConfig: Setting CVar [[r.AmbientOcclusionMaxQuality:100]]
[2022.04.29-17.56.02:286][  0]LogConfig: Setting CVar [[r.AmbientOcclusionLevels:-1]]
[2022.04.29-17.56.02:286][  0]LogConfig: Setting CVar [[r.AmbientOcclusionRadiusScale:1.0]]
[2022.04.29-17.56.02:286][  0]LogConfig: Setting CVar [[r.DepthOfFieldQuality:2]]
[2022.04.29-17.56.02:286][  0]LogConfig: Setting CVar [[r.RenderTargetPoolMin:400]]
[2022.04.29-17.56.02:286][  0]LogConfig: Setting CVar [[r.LensFlareQuality:2]]
[2022.04.29-17.56.02:286][  0]LogConfig: Setting CVar [[r.SceneColorFringeQuality:1]]
[2022.04.29-17.56.02:286][  0]LogConfig: Setting CVar [[r.EyeAdaptationQuality:2]]
[2022.04.29-17.56.02:286][  0]LogConfig: Setting CVar [[r.BloomQuality:5]]
[2022.04.29-17.56.02:286][  0]LogConfig: Setting CVar [[r.FastBlurThreshold:100]]
[2022.04.29-17.56.02:286][  0]LogConfig: Setting CVar [[r.Upscale.Quality:3]]
[2022.04.29-17.56.02:286][  0]LogConfig: Setting CVar [[r.Tonemapper.GrainQuantization:1]]
[2022.04.29-17.56.02:286][  0]LogConfig: Setting CVar [[r.LightShaftQuality:1]]
[2022.04.29-17.56.02:286][  0]LogConfig: Setting CVar [[r.Filter.SizeScale:1]]
[2022.04.29-17.56.02:286][  0]LogConfig: Setting CVar [[r.Tonemapper.Quality:5]]
[2022.04.29-17.56.02:286][  0]LogConfig: Setting CVar [[r.DOF.Gather.AccumulatorQuality:1        ; higher gathering accumulator quality]]
[2022.04.29-17.56.02:286][  0]LogConfig: Setting CVar [[r.DOF.Gather.PostfilterMethod:1          ; Median3x3 postfilering method]]
[2022.04.29-17.56.02:286][  0]LogConfig: Setting CVar [[r.DOF.Gather.EnableBokehSettings:0       ; no bokeh simulation when gathering]]
[2022.04.29-17.56.02:286][  0]LogConfig: Setting CVar [[r.DOF.Gather.RingCount:4                 ; medium number of samples when gathering]]
[2022.04.29-17.56.02:286][  0]LogConfig: Setting CVar [[r.DOF.Scatter.ForegroundCompositing:1    ; additive foreground scattering]]
[2022.04.29-17.56.02:286][  0]LogConfig: Setting CVar [[r.DOF.Scatter.BackgroundCompositing:2    ; additive background scattering]]
[2022.04.29-17.56.02:286][  0]LogConfig: Setting CVar [[r.DOF.Scatter.EnableBokehSettings:1      ; bokeh simulation when scattering]]
[2022.04.29-17.56.02:286][  0]LogConfig: Setting CVar [[r.DOF.Scatter.MaxSpriteRatio:0.1         ; only a maximum of 10% of scattered bokeh]]
[2022.04.29-17.56.02:286][  0]LogConfig: Setting CVar [[r.DOF.Recombine.Quality:1                ; cheap slight out of focus]]
[2022.04.29-17.56.02:286][  0]LogConfig: Setting CVar [[r.DOF.Recombine.EnableBokehSettings:0    ; no bokeh simulation on slight out of focus]]
[2022.04.29-17.56.02:286][  0]LogConfig: Setting CVar [[r.DOF.TemporalAAQuality:1                ; more stable temporal accumulation]]
[2022.04.29-17.56.02:286][  0]LogConfig: Setting CVar [[r.DOF.Kernel.MaxForegroundRadius:0.025]]
[2022.04.29-17.56.02:286][  0]LogConfig: Setting CVar [[r.DOF.Kernel.MaxBackgroundRadius:0.025]]
[2022.04.29-17.56.02:286][  0]LogConfig: Applying CVar settings from Section [TextureQuality@3] File [C:/Users/allis/OneDrive/Documents/GitHub/3DEnviro/Saved/Config/Windows/Scalability.ini]
[2022.04.29-17.56.02:286][  0]LogConfig: Setting CVar [[r.Streaming.MipBias:0]]
[2022.04.29-17.56.02:286][  0]LogConfig: Setting CVar [[r.Streaming.AmortizeCPUToGPUCopy:0]]
[2022.04.29-17.56.02:286][  0]LogConfig: Setting CVar [[r.Streaming.MaxNumTexturesToStreamPerFrame:0]]
[2022.04.29-17.56.02:286][  0]LogConfig: Setting CVar [[r.Streaming.Boost:1]]
[2022.04.29-17.56.02:286][  0]LogConfig: Setting CVar [[r.MaxAnisotropy:8]]
[2022.04.29-17.56.02:286][  0]LogConfig: Setting CVar [[r.VT.MaxAnisotropy:8]]
[2022.04.29-17.56.02:286][  0]LogConfig: Setting CVar [[r.Streaming.LimitPoolSizeToVRAM:0]]
[2022.04.29-17.56.02:286][  0]LogConfig: Setting CVar [[r.Streaming.PoolSize:1000]]
[2022.04.29-17.56.02:286][  0]LogConfig: Setting CVar [[r.Streaming.MaxEffectiveScreenSize:0]]
[2022.04.29-17.56.02:286][  0]LogConfig: Applying CVar settings from Section [EffectsQuality@3] File [C:/Users/allis/OneDrive/Documents/GitHub/3DEnviro/Saved/Config/Windows/Scalability.ini]
[2022.04.29-17.56.02:286][  0]LogConfig: Setting CVar [[r.TranslucencyLightingVolumeDim:64]]
[2022.04.29-17.56.02:286][  0]LogConfig: Setting CVar [[r.RefractionQuality:2]]
[2022.04.29-17.56.02:286][  0]LogConfig: Setting CVar [[r.SSR.Quality:3]]
[2022.04.29-17.56.02:286][  0]LogConfig: Setting CVar [[r.SSR.HalfResSceneColor:0]]
[2022.04.29-17.56.02:286][  0]LogConfig: Setting CVar [[r.SceneColorFormat:4]]
[2022.04.29-17.56.02:286][  0]LogConfig: Setting CVar [[r.DetailMode:2]]
[2022.04.29-17.56.02:286][  0]LogConfig: Setting CVar [[r.TranslucencyVolumeBlur:1]]
[2022.04.29-17.56.02:286][  0]LogConfig: Setting CVar [[r.MaterialQualityLevel:1 ; High quality]]
[2022.04.29-17.56.02:286][  0]LogConfig: Setting CVar [[r.AnisotropicMaterials:1]]
[2022.04.29-17.56.02:287][  0]LogConfig: Setting CVar [[r.SSS.Scale:1]]
[2022.04.29-17.56.02:287][  0]LogConfig: Setting CVar [[r.SSS.SampleSet:2]]
[2022.04.29-17.56.02:287][  0]LogConfig: Setting CVar [[r.SSS.Quality:1]]
[2022.04.29-17.56.02:287][  0]LogConfig: Setting CVar [[r.SSS.HalfRes:0]]
[2022.04.29-17.56.02:287][  0]LogConfig: Setting CVar [[r.SSGI.Quality:3]]
[2022.04.29-17.56.02:287][  0]LogConfig: Setting CVar [[r.EmitterSpawnRateScale:1.0]]
[2022.04.29-17.56.02:287][  0]LogConfig: Setting CVar [[r.ParticleLightQuality:2]]
[2022.04.29-17.56.02:287][  0]LogConfig: Setting CVar [[r.SkyAtmosphere.AerialPerspectiveLUT.FastApplyOnOpaque:1 ; Always have FastSkyLUT 1 in this case to avoid wrong sky]]
[2022.04.29-17.56.02:287][  0]LogConfig: Setting CVar [[r.SkyAtmosphere.AerialPerspectiveLUT.SampleCountMaxPerSlice:4]]
[2022.04.29-17.56.02:287][  0]LogConfig: Setting CVar [[r.SkyAtmosphere.AerialPerspectiveLUT.DepthResolution:16.0]]
[2022.04.29-17.56.02:287][  0]LogConfig: Setting CVar [[r.SkyAtmosphere.FastSkyLUT:1]]
[2022.04.29-17.56.02:287][  0]LogConfig: Setting CVar [[r.SkyAtmosphere.FastSkyLUT.SampleCountMin:4.0]]
[2022.04.29-17.56.02:287][  0]LogConfig: Setting CVar [[r.SkyAtmosphere.FastSkyLUT.SampleCountMax:128.0]]
[2022.04.29-17.56.02:287][  0]LogConfig: Setting CVar [[r.SkyAtmosphere.SampleCountMin:4.0]]
[2022.04.29-17.56.02:287][  0]LogConfig: Setting CVar [[r.SkyAtmosphere.SampleCountMax:128.0]]
[2022.04.29-17.56.02:287][  0]LogConfig: Setting CVar [[r.SkyAtmosphere.TransmittanceLUT.UseSmallFormat:0]]
[2022.04.29-17.56.02:287][  0]LogConfig: Setting CVar [[r.SkyAtmosphere.TransmittanceLUT.SampleCount:10.0]]
[2022.04.29-17.56.02:287][  0]LogConfig: Setting CVar [[r.SkyAtmosphere.MultiScatteringLUT.SampleCount:15.0]]
[2022.04.29-17.56.02:287][  0]LogConfig: Setting CVar [[r.SkyLight.RealTimeReflectionCapture:1]]
[2022.04.29-17.56.02:287][  0]LogConfig: Applying CVar settings from Section [FoliageQuality@3] File [C:/Users/allis/OneDrive/Documents/GitHub/3DEnviro/Saved/Config/Windows/Scalability.ini]
[2022.04.29-17.56.02:287][  0]LogConfig: Setting CVar [[foliage.DensityScale:1.0]]
[2022.04.29-17.56.02:287][  0]LogConfig: Setting CVar [[grass.DensityScale:1.0]]
[2022.04.29-17.56.02:287][  0]LogConfig: Applying CVar settings from Section [ShadingQuality@3] File [C:/Users/allis/OneDrive/Documents/GitHub/3DEnviro/Saved/Config/Windows/Scalability.ini]
[2022.04.29-17.56.02:287][  0]LogConfig: Setting CVar [[r.HairStrands.SkyLighting.IntegrationType:2]]
[2022.04.29-17.56.02:287][  0]LogConfig: Setting CVar [[r.HairStrands.SkyAO.SampleCount:4]]
[2022.04.29-17.56.02:287][  0]LogConfig: Setting CVar [[r.HairStrands.Visibility.MSAA.SamplePerPixel:4]]
[2022.04.29-17.56.02:287][  0]LogInit: Selected Device Profile: [Windows]
[2022.04.29-17.56.02:287][  0]LogInit: Applying CVar settings loaded from the selected device profile: [Windows]
[2022.04.29-17.56.02:287][  0]LogHAL: Display: Platform has ~ 16 GB [16498810880 / 17179869184 / 16], which maps to Larger [LargestMinGB=32, LargerMinGB=12, DefaultMinGB=8, SmallerMinGB=6, SmallestMinGB=0)
[2022.04.29-17.56.02:287][  0]LogInit: Going up to parent DeviceProfile []
[2022.04.29-17.56.02:287][  0]LogConfig: Applying CVar settings from Section [ViewDistanceQuality@3] File [C:/Users/allis/OneDrive/Documents/GitHub/3DEnviro/Saved/Config/Windows/Scalability.ini]
[2022.04.29-17.56.02:287][  0]LogConfig: Setting CVar [[r.SkeletalMeshLODBias:0]]
[2022.04.29-17.56.02:287][  0]LogConfig: Setting CVar [[r.ViewDistanceScale:1.0]]
[2022.04.29-17.56.02:287][  0]LogConfig: Applying CVar settings from Section [AntiAliasingQuality@3] File [C:/Users/allis/OneDrive/Documents/GitHub/3DEnviro/Saved/Config/Windows/Scalability.ini]
[2022.04.29-17.56.02:287][  0]LogConfig: Setting CVar [[r.PostProcessAAQuality:4]]
[2022.04.29-17.56.02:287][  0]LogConfig: Applying CVar settings from Section [ShadowQuality@3] File [C:/Users/allis/OneDrive/Documents/GitHub/3DEnviro/Saved/Config/Windows/Scalability.ini]
[2022.04.29-17.56.02:287][  0]LogConfig: Setting CVar [[r.LightFunctionQuality:1]]
[2022.04.29-17.56.02:287][  0]LogConfig: Setting CVar [[r.ShadowQuality:5]]
[2022.04.29-17.56.02:287][  0]LogConfig: Setting CVar [[r.Shadow.CSM.MaxCascades:10]]
[2022.04.29-17.56.02:287][  0]LogConfig: Setting CVar [[r.Shadow.MaxResolution:2048]]
[2022.04.29-17.56.02:287][  0]LogConfig: Setting CVar [[r.Shadow.MaxCSMResolution:2048]]
[2022.04.29-17.56.02:287][  0]LogConfig: Setting CVar [[r.Shadow.RadiusThreshold:0.01]]
[2022.04.29-17.56.02:287][  0]LogConfig: Setting CVar [[r.Shadow.DistanceScale:1.0]]
[2022.04.29-17.56.02:287][  0]LogConfig: Setting CVar [[r.Shadow.CSM.TransitionScale:1.0]]
[2022.04.29-17.56.02:287][  0]LogConfig: Setting CVar [[r.Shadow.PreShadowResolutionFactor:1.0]]
[2022.04.29-17.56.02:287][  0]LogConfig: Setting CVar [[r.DistanceFieldShadowing:1]]
[2022.04.29-17.56.02:287][  0]LogConfig: Setting CVar [[r.DistanceFieldAO:1]]
[2022.04.29-17.56.02:287][  0]LogConfig: Setting CVar [[r.AOQuality:2]]
[2022.04.29-17.56.02:287][  0]LogConfig: Setting CVar [[r.VolumetricFog:1]]
[2022.04.29-17.56.02:287][  0]LogConfig: Setting CVar [[r.VolumetricFog.GridPixelSize:8]]
[2022.04.29-17.56.02:287][  0]LogConfig: Setting CVar [[r.VolumetricFog.GridSizeZ:128]]
[2022.04.29-17.56.02:287][  0]LogConfig: Setting CVar [[r.VolumetricFog.HistoryMissSupersampleCount:4]]
[2022.04.29-17.56.02:287][  0]LogConfig: Setting CVar [[r.LightMaxDrawDistanceScale:1]]
[2022.04.29-17.56.02:287][  0]LogConfig: Setting CVar [[r.CapsuleShadows:1]]
[2022.04.29-17.56.02:287][  0]LogConfig: Applying CVar settings from Section [PostProcessQuality@3] File [C:/Users/allis/OneDrive/Documents/GitHub/3DEnviro/Saved/Config/Windows/Scalability.ini]
[2022.04.29-17.56.02:287][  0]LogConfig: Setting CVar [[r.MotionBlurQuality:4]]
[2022.04.29-17.56.02:287][  0]LogConfig: Setting CVar [[r.AmbientOcclusionMipLevelFactor:0.4]]
[2022.04.29-17.56.02:287][  0]LogConfig: Setting CVar [[r.AmbientOcclusionMaxQuality:100]]
[2022.04.29-17.56.02:287][  0]LogConfig: Setting CVar [[r.AmbientOcclusionLevels:-1]]
[2022.04.29-17.56.02:287][  0]LogConfig: Setting CVar [[r.AmbientOcclusionRadiusScale:1.0]]
[2022.04.29-17.56.02:287][  0]LogConfig: Setting CVar [[r.DepthOfFieldQuality:2]]
[2022.04.29-17.56.02:287][  0]LogConfig: Setting CVar [[r.RenderTargetPoolMin:400]]
[2022.04.29-17.56.02:287][  0]LogConfig: Setting CVar [[r.LensFlareQuality:2]]
[2022.04.29-17.56.02:287][  0]LogConfig: Setting CVar [[r.SceneColorFringeQuality:1]]
[2022.04.29-17.56.02:287][  0]LogConfig: Setting CVar [[r.EyeAdaptationQuality:2]]
[2022.04.29-17.56.02:287][  0]LogConfig: Setting CVar [[r.BloomQuality:5]]
[2022.04.29-17.56.02:287][  0]LogConfig: Setting CVar [[r.FastBlurThreshold:100]]
[2022.04.29-17.56.02:287][  0]LogConfig: Setting CVar [[r.Upscale.Quality:3]]
[2022.04.29-17.56.02:287][  0]LogConfig: Setting CVar [[r.Tonemapper.GrainQuantization:1]]
[2022.04.29-17.56.02:287][  0]LogConfig: Setting CVar [[r.LightShaftQuality:1]]
[2022.04.29-17.56.02:287][  0]LogConfig: Setting CVar [[r.Filter.SizeScale:1]]
[2022.04.29-17.56.02:287][  0]LogConfig: Setting CVar [[r.Tonemapper.Quality:5]]
[2022.04.29-17.56.02:287][  0]LogConfig: Setting CVar [[r.DOF.Gather.AccumulatorQuality:1        ; higher gathering accumulator quality]]
[2022.04.29-17.56.02:287][  0]LogConfig: Setting CVar [[r.DOF.Gather.PostfilterMethod:1          ; Median3x3 postfilering method]]
[2022.04.29-17.56.02:287][  0]LogConfig: Setting CVar [[r.DOF.Gather.EnableBokehSettings:0       ; no bokeh simulation when gathering]]
[2022.04.29-17.56.02:287][  0]LogConfig: Setting CVar [[r.DOF.Gather.RingCount:4                 ; medium number of samples when gathering]]
[2022.04.29-17.56.02:287][  0]LogConfig: Setting CVar [[r.DOF.Scatter.ForegroundCompositing:1    ; additive foreground scattering]]
[2022.04.29-17.56.02:287][  0]LogConfig: Setting CVar [[r.DOF.Scatter.BackgroundCompositing:2    ; additive background scattering]]
[2022.04.29-17.56.02:287][  0]LogConfig: Setting CVar [[r.DOF.Scatter.EnableBokehSettings:1      ; bokeh simulation when scattering]]
[2022.04.29-17.56.02:287][  0]LogConfig: Setting CVar [[r.DOF.Scatter.MaxSpriteRatio:0.1         ; only a maximum of 10% of scattered bokeh]]
[2022.04.29-17.56.02:287][  0]LogConfig: Setting CVar [[r.DOF.Recombine.Quality:1                ; cheap slight out of focus]]
[2022.04.29-17.56.02:287][  0]LogConfig: Setting CVar [[r.DOF.Recombine.EnableBokehSettings:0    ; no bokeh simulation on slight out of focus]]
[2022.04.29-17.56.02:287][  0]LogConfig: Setting CVar [[r.DOF.TemporalAAQuality:1                ; more stable temporal accumulation]]
[2022.04.29-17.56.02:287][  0]LogConfig: Setting CVar [[r.DOF.Kernel.MaxForegroundRadius:0.025]]
[2022.04.29-17.56.02:287][  0]LogConfig: Setting CVar [[r.DOF.Kernel.MaxBackgroundRadius:0.025]]
[2022.04.29-17.56.02:287][  0]LogConfig: Applying CVar settings from Section [TextureQuality@3] File [C:/Users/allis/OneDrive/Documents/GitHub/3DEnviro/Saved/Config/Windows/Scalability.ini]
[2022.04.29-17.56.02:287][  0]LogConfig: Setting CVar [[r.Streaming.MipBias:0]]
[2022.04.29-17.56.02:287][  0]LogConfig: Setting CVar [[r.Streaming.AmortizeCPUToGPUCopy:0]]
[2022.04.29-17.56.02:288][  0]LogConfig: Setting CVar [[r.Streaming.MaxNumTexturesToStreamPerFrame:0]]
[2022.04.29-17.56.02:288][  0]LogConfig: Setting CVar [[r.Streaming.Boost:1]]
[2022.04.29-17.56.02:288][  0]LogConfig: Setting CVar [[r.MaxAnisotropy:8]]
[2022.04.29-17.56.02:288][  0]LogConfig: Setting CVar [[r.VT.MaxAnisotropy:8]]
[2022.04.29-17.56.02:288][  0]LogConfig: Setting CVar [[r.Streaming.LimitPoolSizeToVRAM:0]]
[2022.04.29-17.56.02:288][  0]LogConfig: Setting CVar [[r.Streaming.PoolSize:1000]]
[2022.04.29-17.56.02:288][  0]LogConfig: Setting CVar [[r.Streaming.MaxEffectiveScreenSize:0]]
[2022.04.29-17.56.02:288][  0]LogConfig: Applying CVar settings from Section [EffectsQuality@3] File [C:/Users/allis/OneDrive/Documents/GitHub/3DEnviro/Saved/Config/Windows/Scalability.ini]
[2022.04.29-17.56.02:288][  0]LogConfig: Setting CVar [[r.TranslucencyLightingVolumeDim:64]]
[2022.04.29-17.56.02:288][  0]LogConfig: Setting CVar [[r.RefractionQuality:2]]
[2022.04.29-17.56.02:288][  0]LogConfig: Setting CVar [[r.SSR.Quality:3]]
[2022.04.29-17.56.02:288][  0]LogConfig: Setting CVar [[r.SSR.HalfResSceneColor:0]]
[2022.04.29-17.56.02:288][  0]LogConfig: Setting CVar [[r.SceneColorFormat:4]]
[2022.04.29-17.56.02:288][  0]LogConfig: Setting CVar [[r.DetailMode:2]]
[2022.04.29-17.56.02:288][  0]LogConfig: Setting CVar [[r.TranslucencyVolumeBlur:1]]
[2022.04.29-17.56.02:288][  0]LogConfig: Setting CVar [[r.MaterialQualityLevel:1 ; High quality]]
[2022.04.29-17.56.02:288][  0]LogConfig: Setting CVar [[r.AnisotropicMaterials:1]]
[2022.04.29-17.56.02:288][  0]LogConfig: Setting CVar [[r.SSS.Scale:1]]
[2022.04.29-17.56.02:288][  0]LogConfig: Setting CVar [[r.SSS.SampleSet:2]]
[2022.04.29-17.56.02:288][  0]LogConfig: Setting CVar [[r.SSS.Quality:1]]
[2022.04.29-17.56.02:288][  0]LogConfig: Setting CVar [[r.SSS.HalfRes:0]]
[2022.04.29-17.56.02:288][  0]LogConfig: Setting CVar [[r.SSGI.Quality:3]]
[2022.04.29-17.56.02:288][  0]LogConfig: Setting CVar [[r.EmitterSpawnRateScale:1.0]]
[2022.04.29-17.56.02:288][  0]LogConfig: Setting CVar [[r.ParticleLightQuality:2]]
[2022.04.29-17.56.02:288][  0]LogConfig: Setting CVar [[r.SkyAtmosphere.AerialPerspectiveLUT.FastApplyOnOpaque:1 ; Always have FastSkyLUT 1 in this case to avoid wrong sky]]
[2022.04.29-17.56.02:288][  0]LogConfig: Setting CVar [[r.SkyAtmosphere.AerialPerspectiveLUT.SampleCountMaxPerSlice:4]]
[2022.04.29-17.56.02:288][  0]LogConfig: Setting CVar [[r.SkyAtmosphere.AerialPerspectiveLUT.DepthResolution:16.0]]
[2022.04.29-17.56.02:288][  0]LogConfig: Setting CVar [[r.SkyAtmosphere.FastSkyLUT:1]]
[2022.04.29-17.56.02:288][  0]LogConfig: Setting CVar [[r.SkyAtmosphere.FastSkyLUT.SampleCountMin:4.0]]
[2022.04.29-17.56.02:288][  0]LogConfig: Setting CVar [[r.SkyAtmosphere.FastSkyLUT.SampleCountMax:128.0]]
[2022.04.29-17.56.02:288][  0]LogConfig: Setting CVar [[r.SkyAtmosphere.SampleCountMin:4.0]]
[2022.04.29-17.56.02:288][  0]LogConfig: Setting CVar [[r.SkyAtmosphere.SampleCountMax:128.0]]
[2022.04.29-17.56.02:288][  0]LogConfig: Setting CVar [[r.SkyAtmosphere.TransmittanceLUT.UseSmallFormat:0]]
[2022.04.29-17.56.02:288][  0]LogConfig: Setting CVar [[r.SkyAtmosphere.TransmittanceLUT.SampleCount:10.0]]
[2022.04.29-17.56.02:288][  0]LogConfig: Setting CVar [[r.SkyAtmosphere.MultiScatteringLUT.SampleCount:15.0]]
[2022.04.29-17.56.02:288][  0]LogConfig: Setting CVar [[r.SkyLight.RealTimeReflectionCapture:1]]
[2022.04.29-17.56.02:288][  0]LogConfig: Applying CVar settings from Section [FoliageQuality@3] File [C:/Users/allis/OneDrive/Documents/GitHub/3DEnviro/Saved/Config/Windows/Scalability.ini]
[2022.04.29-17.56.02:288][  0]LogConfig: Setting CVar [[foliage.DensityScale:1.0]]
[2022.04.29-17.56.02:288][  0]LogConfig: Setting CVar [[grass.DensityScale:1.0]]
[2022.04.29-17.56.02:288][  0]LogConfig: Applying CVar settings from Section [ShadingQuality@3] File [C:/Users/allis/OneDrive/Documents/GitHub/3DEnviro/Saved/Config/Windows/Scalability.ini]
[2022.04.29-17.56.02:288][  0]LogConfig: Setting CVar [[r.HairStrands.SkyLighting.IntegrationType:2]]
[2022.04.29-17.56.02:288][  0]LogConfig: Setting CVar [[r.HairStrands.SkyAO.SampleCount:4]]
[2022.04.29-17.56.02:288][  0]LogConfig: Setting CVar [[r.HairStrands.Visibility.MSAA.SamplePerPixel:4]]
[2022.04.29-17.56.02:288][  0]LogConfig: Applying CVar settings from Section [Startup] File [../../../Engine/Config/ConsoleVariables.ini]
[2022.04.29-17.56.02:289][  0]LogConfig: Setting CVar [[net.UseAdaptiveNetUpdateFrequency:0]]
[2022.04.29-17.56.02:289][  0]LogConfig: Setting CVar [[p.chaos.AllowCreatePhysxBodies:1]]
[2022.04.29-17.56.02:289][  0]LogConfig: Setting CVar [[fx.SkipVectorVMBackendOptimizations:1]]
[2022.04.29-17.56.02:289][  0]LogConfig: Applying CVar settings from Section [ConsoleVariables] File [C:/Users/allis/OneDrive/Documents/GitHub/3DEnviro/Saved/Config/Windows/Engine.ini]
[2022.04.29-17.56.02:289][  0]LogConfig: Applying CVar settings from Section [ConsoleVariables] File [C:/Users/allis/OneDrive/Documents/GitHub/3DEnviro/Saved/Config/Windows/Editor.ini]
[2022.04.29-17.56.02:289][  0]LogInit: Computer: LAPTOP-UTNLGBGI
[2022.04.29-17.56.02:289][  0]LogInit: User: allis
[2022.04.29-17.56.02:289][  0]LogInit: CPU Page size=4096, Cores=8
[2022.04.29-17.56.02:289][  0]LogInit: High frequency timer resolution =10.000000 MHz
[2022.04.29-17.56.02:289][  0]LogMemory: Memory total: Physical=15.4GB (16GB approx)
[2022.04.29-17.56.02:289][  0]LogMemory: Platform Memory Stats for Windows
[2022.04.29-17.56.02:289][  0]LogMemory: Process Physical Memory: 150.06 MB used, 150.06 MB peak
[2022.04.29-17.56.02:289][  0]LogMemory: Process Virtual Memory: 123.69 MB used, 123.69 MB peak
[2022.04.29-17.56.02:289][  0]LogMemory: Physical Memory: 13754.87 MB used,  1979.62 MB free, 15734.49 MB total
[2022.04.29-17.56.02:289][  0]LogMemory: Virtual Memory: 134207576.00 MB used,  10152.67 MB free, 134217728.00 MB total
[2022.04.29-17.56.02:343][  0]LogWindows: WindowsPlatformFeatures enabled
[2022.04.29-17.56.02:388][  0]LogInit: Physics initialised using underlying interface: PhysX
[2022.04.29-17.56.02:389][  0]LogInit: Using OS detected language (en-US).
[2022.04.29-17.56.02:389][  0]LogInit: Using OS detected locale (en-US).
[2022.04.29-17.56.02:392][  0]LogTextLocalizationManager: No specific localization for 'en-US' exists, so the 'en' localization will be used.
[2022.04.29-17.56.02:577][  0]LogInit: Setting process to per monitor DPI aware
[2022.04.29-17.56.02:600][  0]LogWindowsTextInputMethodSystem: Display: IME system deactivated.
[2022.04.29-17.56.02:615][  0]LogSlate: New Slate User Created.  User Index 0, Is Virtual User: 0
[2022.04.29-17.56.02:615][  0]LogSlate: Slate User Registered.  User Index 0, Is Virtual User: 0
[2022.04.29-17.56.02:775][  0]LogD3D11RHI: Loaded GFSDK_Aftermath_Lib.x64.dll
[2022.04.29-17.56.02:816][  0]LogHMD: Failed to initialize OpenVR with code 110
[2022.04.29-17.56.02:816][  0]LogD3D11RHI: D3D11 min allowed feature level: 11_0
[2022.04.29-17.56.02:816][  0]LogD3D11RHI: D3D11 max allowed feature level: 11_0
[2022.04.29-17.56.02:816][  0]LogD3D11RHI: D3D11 adapters:
[2022.04.29-17.56.02:918][  0]LogD3D11RHI:    0. 'NVIDIA GeForce RTX 3060 Laptop GPU' (Feature Level 11_0)
[2022.04.29-17.56.02:918][  0]LogD3D11RHI:       6023/0/7867 MB DedicatedVideo/DedicatedSystem/SharedSystem, Outputs:1, VendorId:0x10de
[2022.04.29-17.56.02:971][  0]LogD3D11RHI:    1. 'AMD Radeon(TM) Graphics' (Feature Level 11_0)
[2022.04.29-17.56.02:971][  0]LogD3D11RHI:       496/0/7867 MB DedicatedVideo/DedicatedSystem/SharedSystem, Outputs:0, VendorId:0x1002
[2022.04.29-17.56.02:973][  0]LogD3D11RHI:    2. 'Microsoft Basic Render Driver' (Feature Level 11_0)
[2022.04.29-17.56.02:973][  0]LogD3D11RHI:       0/0/7867 MB DedicatedVideo/DedicatedSystem/SharedSystem, Outputs:0, VendorId:0x1414
[2022.04.29-17.56.02:973][  0]LogD3D11RHI: Chosen D3D11 Adapter:
[2022.04.29-17.56.02:973][  0]LogD3D11RHI:     Description : NVIDIA GeForce RTX 3060 Laptop GPU
[2022.04.29-17.56.02:973][  0]LogD3D11RHI:     VendorId    : 10de
[2022.04.29-17.56.02:973][  0]LogD3D11RHI:     DeviceId    : 2560
[2022.04.29-17.56.02:973][  0]LogD3D11RHI:     SubSysId    : 380117aa
[2022.04.29-17.56.02:973][  0]LogD3D11RHI:     Revision    : 00a1
[2022.04.29-17.56.02:973][  0]LogD3D11RHI:     DedicatedVideoMemory : 6315573248 bytes
[2022.04.29-17.56.02:973][  0]LogD3D11RHI:     DedicatedSystemMemory : 0 bytes
[2022.04.29-17.56.02:973][  0]LogD3D11RHI:     SharedSystemMemory : 8249405440 bytes
[2022.04.29-17.56.02:973][  0]LogD3D11RHI:     AdapterLuid : 0 66273
[2022.04.29-17.56.02:986][  0]LogD3D11RHI: Creating new Direct3DDevice
[2022.04.29-17.56.02:986][  0]LogD3D11RHI:     GPU DeviceId: 0x2560 (for the marketing name, search the web for "GPU Device Id")
[2022.04.29-17.56.02:986][  0]LogWindows: EnumDisplayDevices:
[2022.04.29-17.56.02:986][  0]LogWindows:    0. 'AMD Radeon(TM) Graphics' (P:1 D:1)
[2022.04.29-17.56.02:986][  0]LogWindows:    1. 'AMD Radeon(TM) Graphics' (P:0 D:0)
[2022.04.29-17.56.02:986][  0]LogWindows:    2. 'AMD Radeon(TM) Graphics' (P:0 D:0)
[2022.04.29-17.56.02:987][  0]LogWindows:    3. 'AMD Radeon(TM) Graphics' (P:0 D:0)
[2022.04.29-17.56.02:987][  0]LogWindows:    4. 'AMD Radeon(TM) Graphics' (P:0 D:0)
[2022.04.29-17.56.02:987][  0]LogWindows:    5. 'NVIDIA GeForce RTX 3060 Laptop GPU' (P:0 D:0)
[2022.04.29-17.56.02:987][  0]LogWindows:    6. 'NVIDIA GeForce RTX 3060 Laptop GPU' (P:0 D:0)
[2022.04.29-17.56.02:987][  0]LogWindows:    7. 'NVIDIA GeForce RTX 3060 Laptop GPU' (P:0 D:0)
[2022.04.29-17.56.02:988][  0]LogWindows:    8. 'NVIDIA GeForce RTX 3060 Laptop GPU' (P:0 D:0)
[2022.04.29-17.56.02:988][  0]LogWindows: DebugString: PrimaryIsNotTheChoosenAdapter PrimaryIsNotTheChoosenAdapter PrimaryIsNotTheChoosenAdapter PrimaryIsNotTheChoosenAdapter PrimaryIsNotTheChoosenAdapter FoundDriverCount:4 
[2022.04.29-17.56.02:988][  0]LogD3D11RHI:     Adapter Name: NVIDIA GeForce RTX 3060 Laptop GPU
[2022.04.29-17.56.02:988][  0]LogD3D11RHI:   Driver Version: 471.51 (internal:30.0.14.7151, unified:471.51)
[2022.04.29-17.56.02:988][  0]LogD3D11RHI:      Driver Date: 7-16-2021
[2022.04.29-17.56.02:988][  0]LogRHI: Texture pool is 4216 MB (70% of 6023 MB)
[2022.04.29-17.56.02:988][  0]LogD3D11RHI: Creating D3DDevice using adapter:
[2022.04.29-17.56.02:988][  0]LogD3D11RHI:     Description : NVIDIA GeForce RTX 3060 Laptop GPU
[2022.04.29-17.56.02:988][  0]LogD3D11RHI:     VendorId    : 10de
[2022.04.29-17.56.02:988][  0]LogD3D11RHI:     DeviceId    : 2560
[2022.04.29-17.56.02:988][  0]LogD3D11RHI:     SubSysId    : 380117aa
[2022.04.29-17.56.02:988][  0]LogD3D11RHI:     Revision    : 00a1
[2022.04.29-17.56.02:988][  0]LogD3D11RHI:     DedicatedVideoMemory : 6315573248 bytes
[2022.04.29-17.56.02:988][  0]LogD3D11RHI:     DedicatedSystemMemory : 0 bytes
[2022.04.29-17.56.02:988][  0]LogD3D11RHI:     SharedSystemMemory : 8249405440 bytes
[2022.04.29-17.56.02:988][  0]LogD3D11RHI:     AdapterLuid : 0 66273
[2022.04.29-17.56.03:051][  0]LogD3D11RHI: RHI has support for 64 bit atomics
[2022.04.29-17.56.03:051][  0]LogD3D11RHI: Async texture creation enabled
[2022.04.29-17.56.03:051][  0]LogD3D11RHI: Array index from any shader is supported
[2022.04.29-17.56.03:068][  0]LogD3D11RHI: GPU Timing Frequency: 1000.000000 (Debug: 2 1)
[2022.04.29-17.56.03:102][  0]LogRHI: GeForceNow SDK initialized: 1
[2022.04.29-17.56.03:416][  0]LogTargetPlatformManager: Display: Loaded TargetPlatform 'AllDesktop'
[2022.04.29-17.56.03:442][  0]LogTargetPlatformManager: Display: Loaded TargetPlatform 'Android'
[2022.04.29-17.56.03:442][  0]LogTargetPlatformManager: Display: Loaded TargetPlatform 'Android_ASTC'
[2022.04.29-17.56.03:442][  0]LogTargetPlatformManager: Display: Loaded TargetPlatform 'Android_DXT'
[2022.04.29-17.56.03:442][  0]LogTargetPlatformManager: Display: Loaded TargetPlatform 'Android_ETC2'
[2022.04.29-17.56.03:442][  0]LogTargetPlatformManager: Display: Loaded TargetPlatform 'AndroidClient'
[2022.04.29-17.56.03:442][  0]LogTargetPlatformManager: Display: Loaded TargetPlatform 'Android_ASTCClient'
[2022.04.29-17.56.03:442][  0]LogTargetPlatformManager: Display: Loaded TargetPlatform 'Android_DXTClient'
[2022.04.29-17.56.03:442][  0]LogTargetPlatformManager: Display: Loaded TargetPlatform 'Android_ETC2Client'
[2022.04.29-17.56.03:442][  0]LogTargetPlatformManager: Display: Loaded TargetPlatform 'Android_Multi'
[2022.04.29-17.56.03:442][  0]LogTargetPlatformManager: Display: Loaded TargetPlatform 'Android_MultiClient'
[2022.04.29-17.56.03:468][  0]LogTargetPlatformManager: Display: Loaded TargetPlatform 'IOSClient'
[2022.04.29-17.56.03:468][  0]LogTargetPlatformManager: Display: Loaded TargetPlatform 'IOS'
[2022.04.29-17.56.03:483][  0]LogTargetPlatformManager: Display: Loaded TargetPlatform 'Linux'
[2022.04.29-17.56.03:490][  0]LogTargetPlatformManager: Display: Loaded TargetPlatform 'LinuxNoEditor'
[2022.04.29-17.56.03:497][  0]LogTargetPlatformManager: Display: Loaded TargetPlatform 'LinuxClient'
[2022.04.29-17.56.03:503][  0]LogTargetPlatformManager: Display: Loaded TargetPlatform 'LinuxServer'
[2022.04.29-17.56.03:518][  0]LogTargetPlatformManager: Display: Loaded TargetPlatform 'LinuxAArch64NoEditor'
[2022.04.29-17.56.03:525][  0]LogTargetPlatformManager: Display: Loaded TargetPlatform 'LinuxAArch64Client'
[2022.04.29-17.56.03:530][  0]LogTargetPlatformManager: Display: Loaded TargetPlatform 'LinuxAArch64Server'
[2022.04.29-17.56.03:571][  0]LogTargetPlatformManager: Display: Loaded TargetPlatform 'Lumin'
[2022.04.29-17.56.03:571][  0]LogTargetPlatformManager: Display: Loaded TargetPlatform 'LuminClient'
[2022.04.29-17.56.03:584][  0]LogTargetPlatformManager: Display: Loaded TargetPlatform 'MacNoEditor'
[2022.04.29-17.56.03:590][  0]LogTargetPlatformManager: Display: Loaded TargetPlatform 'Mac'
[2022.04.29-17.56.03:596][  0]LogTargetPlatformManager: Display: Loaded TargetPlatform 'MacClient'
[2022.04.29-17.56.03:601][  0]LogTargetPlatformManager: Display: Loaded TargetPlatform 'MacServer'
[2022.04.29-17.56.03:615][  0]LogTargetPlatformManager: Display: Loaded TargetPlatform 'TVOSClient'
[2022.04.29-17.56.03:615][  0]LogTargetPlatformManager: Display: Loaded TargetPlatform 'TVOS'
[2022.04.29-17.56.03:629][  0]LogTargetPlatformManager: Display: Loaded TargetPlatform 'WindowsNoEditor'
[2022.04.29-17.56.03:636][  0]LogTargetPlatformManager: Display: Loaded TargetPlatform 'Windows'
[2022.04.29-17.56.03:643][  0]LogTargetPlatformManager: Display: Loaded TargetPlatform 'WindowsClient'
[2022.04.29-17.56.03:650][  0]LogTargetPlatformManager: Display: Loaded TargetPlatform 'WindowsServer'
[2022.04.29-17.56.03:650][  0]LogTargetPlatformManager: Display: Building Assets For Windows
[2022.04.29-17.56.03:662][  0]LogAudioDebug: Display: Lib vorbis DLL was dynamically loaded.
[2022.04.29-17.56.03:707][  0]LogTextureFormatOodle: Display: Oodle Texture 2.9.0 init RDO Off
[2022.04.29-17.56.03:753][  0]LogRendererCore: Ray tracing is disabled. Reason: r.RayTracing=0.
[2022.04.29-17.56.03:754][  0]LogShaderCompilers: Guid format shader working directory is -19 characters bigger than the processId version (../../../../../../Users/allis/OneDrive/Documents/GitHub/3DEnviro/Intermediate/Shaders/WorkingDirectory/42060/).
[2022.04.29-17.56.03:754][  0]LogShaderCompilers: Cleaned the shader compiler working directory 'C:/Users/allis/AppData/Local/Temp/UnrealShaderWorkingDir/BF67E76741F0D1126F96AB95F6336152/'.
[2022.04.29-17.56.03:754][  0]LogXGEController: Cannot use XGE Controller as Incredibuild is not installed on this machine.
[2022.04.29-17.56.03:754][  0]LogShaderCompilers: Cannot use XGE Shader Compiler as Incredibuild is not installed on this machine.
[2022.04.29-17.56.03:754][  0]LogShaderCompilers: Display: Using Local Shader Compiler.
[2022.04.29-17.56.04:550][  0]LogDerivedDataCache: Display: Max Cache Size: 512 MB
[2022.04.29-17.56.04:618][  0]LogDerivedDataCache: Loaded boot cache 0.07s 94MB C:/Users/allis/AppData/Local/UnrealEngine/4.27/DerivedDataCache/Boot.ddc.
[2022.04.29-17.56.04:618][  0]LogDerivedDataCache: Display: Loaded Boot cache: C:/Users/allis/AppData/Local/UnrealEngine/4.27/DerivedDataCache/Boot.ddc
[2022.04.29-17.56.04:618][  0]LogDerivedDataCache: FDerivedDataBackendGraph:  Pak pak cache file ../../../../../../Users/allis/OneDrive/Documents/GitHub/3DEnviro/DerivedDataCache/DDC.ddp not found, will not use a pak cache.
[2022.04.29-17.56.04:618][  0]LogDerivedDataCache: Unable to find inner node Pak for hierarchical cache Hierarchy.
[2022.04.29-17.56.04:618][  0]LogDerivedDataCache: FDerivedDataBackendGraph:  CompressedPak pak cache file ../../../../../../Users/allis/OneDrive/Documents/GitHub/3DEnviro/DerivedDataCache/Compressed.ddp not found, will not use a pak cache.
[2022.04.29-17.56.04:618][  0]LogDerivedDataCache: Unable to find inner node CompressedPak for hierarchical cache Hierarchy.
[2022.04.29-17.56.04:642][  0]LogDerivedDataCache: Display: Pak cache opened for reading ../../../Engine/DerivedDataCache/Compressed.ddp.
[2022.04.29-17.56.04:642][  0]LogDerivedDataCache: FDerivedDataBackendGraph:  EnterprisePak pak cache file ../../../Enterprise/DerivedDataCache/Compressed.ddp not found, will not use a pak cache.
[2022.04.29-17.56.04:642][  0]LogDerivedDataCache: Unable to find inner node EnterprisePak for hierarchical cache Hierarchy.
[2022.04.29-17.56.04:656][  0]LogDerivedDataCache: Speed tests for C:/Users/allis/AppData/Local/UnrealEngine/Common/DerivedDataCache took 0.01 seconds
[2022.04.29-17.56.04:656][  0]LogDerivedDataCache: Display: Performance to C:/Users/allis/AppData/Local/UnrealEngine/Common/DerivedDataCache: Latency=0.05ms. RandomReadSpeed=213.71MBs, RandomWriteSpeed=99.46MBs. Assigned SpeedClass 'Local'
[2022.04.29-17.56.04:657][  0]LogDerivedDataCache: Using Local data cache path C:/Users/allis/AppData/Local/UnrealEngine/Common/DerivedDataCache: Writable
[2022.04.29-17.56.04:657][  0]LogDerivedDataCache: Shared data cache path not found in *engine.ini, will not use an Shared cache.
[2022.04.29-17.56.04:657][  0]LogDerivedDataCache: Unable to find inner node Shared for hierarchical cache Hierarchy.
[2022.04.29-17.56.04:716][  0]LogSlate: Using FreeType 2.10.0
[2022.04.29-17.56.04:716][  0]LogSlate: SlateFontServices - WITH_FREETYPE: 1, WITH_HARFBUZZ: 1
[2022.04.29-17.56.04:745][  0]LogAssetRegistry: FAssetRegistry took 0.0041 seconds to start up
[2022.04.29-17.56.05:060][  0]LogInit: Selected Device Profile: [Windows]
[2022.04.29-17.56.05:060][  0]LogInit: Active device profile: [0000021FFA104700][0000021FF05C0240 49] Windows
[2022.04.29-17.56.05:060][  0]LogInit: Profiles: [0000021FFA104700][0000021FF05C0240 49] Windows, [0000021FFA0DF700][0000021FF05C83C0 49] WindowsNoEditor, [0000021FFA107300][0000021FF05CC540 49] WindowsServer, [0000021FFA0DCF00][0000021FF986E6C0 49] WindowsClient, [0000021FFA107500][0000021FF05C4800 49] IOS, [0000021FFA0CFF00][0000021FF9872940 49] iPadAir, [0000021FFA0DFB00][0000021FF9876A80 49] iPadAir2, [0000021FFA084500][0000021FF07F6D00 49] IPadPro, [0000021FFA084600][0000021FF987AD40 49] iPadAir3, [0000021FFA0CC100][0000021FF07FAEC0 49] iPadAir4, [0000021FFA086C00][0000021FF07FF040 49] iPadMini2, [0000021FFA0CE500][0000021FF08031C0 49] iPadMini3, [0000021FFA087400][0000021FF8091340 49] iPadMini4, [0000021FFA0CCF00][0000021FF80954C0 49] iPadMini5, [0000021FFA07FE00][0000021FF809D780 49] iPhone6, [0000021FFA07FF00][0000021FF80997C0 49] iPodTouch6, [0000021FFA107900][0000021FF80A5A80 49] iPhone7, [0000021FFA106100][0000021FF80A1AC0 49] iPodTouch7, [0000021FFA07C400][0000021FF83C20C0 49] iPhone5S, [0000021FFA087D00][0000021FF83C6240 49] iPhone6Plus, [0000021FFA107400][0000021FF83CA3C0 49] iPhone6S, [0000021FFA086000][0000021FF83CE540 49] iPhone6SPlus, [0000021FFA104900][0000021FF83D26C0 49] iPhone7Plus, [0000021FFA084E00][0000021FF83D6840 49] iPhoneSE, [0000021FFA104200][0000021FF07F2980 49] iPhone8, [0000021FFA086400][0000021FF83DAAC0 49] iPhone8Plus, [0000021FFA105E00][0000021FF83DEC00 49] iPhoneX, [0000021FFA087E00][0000021FF83E2D40 49] iPhoneXS, [0000021FFA105600][0000021FF83EAEC0 49] iPhoneXSMax, [0000021FFA086500][0000021FF83EF040 49] iPhoneXR, [0000021FFA106A00][0000021FF83F31C0 49] iPhone11, [0000021FFA087A00][0000021FF83F7340 49] iPhone11Pro, [0000021FFA104F00][0000021FF83FB4C0 49] iPhone11ProMax, [0000021FFA086300][0000021FF8403640 49] iPhoneSE2, [0000021FFA106700][0000021FF84077C0 49] iPhone12Mini, [0000021FFA084700][0000021FF840B940 49] iPhone12, [0000021FFA107100][0000021FF8447AC0 49] iPhone12Pro, [0000021FFA087500][0000021FF844E0C0 49] iPhone12ProMax, [0000021FFA104800][0000021FF8466240 49] iPadPro105, [0000021FFA085C00][0000021FF846A3C0 49] iPadPro129, [0000021FFA104300][0000021FF95E0540 49] iPadPro97, [0000021FFA085D00][0000021FF95E46C0 49] iPadPro2_129, [0000021FFA104C00][0000021FF95E8840 49] iPad5, [0000021FFA087000][0000021FF95EC9C0 49] iPad6, [0000021FFA106C00][0000021FF95F0B40 49] iPad7, [0000021FFA086E00][0000021FF83E6C80 49] iPad8, [0000021FFA105800][0000021FF9662DC0 49] iPadPro11, [0000021FFA085B00][0000021FF9666F00 49] iPadPro2_11, [0000021FFA105500][0000021FF969B080 49] iPadPro3_129, [0000021FFA086700][0000021FF969F200 49] iPadPro4_129, [0000021FFA104100][0000021FF96A3380 49] AppleTV, [0000021FFA086B00][0000021FF82F5500 49] AppleTV4K, [0000021FFA105B00][0000021FF82F9680 49] TVOS, [0000021FFA084900][0000021FF82FD800 49] Mac, [0000021FFA105700][0000021FF8301980 49] MacClient, [0000021FFA086F00][0000021FF96A7B00 49] MacNoEditor, [0000021FFA104D00][0000021FF96AA100 49] MacServer, [0000021FFA084300][0000021FF96AE280 49] Linux, [0000021FFA106E00][0000021FF96B2400 49] LinuxAArch64, [0000021FFA085500][0000021FF980C580 49] LinuxNoEditor, [0000021FFA106400][0000021FF9810700 49] LinuxAArch64NoEditor, [0000021FFA084200][0000021FF9818880 49] LinuxClient, [0000021FFA106D00][0000021FF9828A00 49] LinuxAArch64Client, [0000021FFA084C00][0000021FF982CB80 49] LinuxServer, [0000021FFA104400][0000021FF9830D00 49] LinuxAArch64Server, [0000021FFA085000][0000021FF966AE40 49] Android, [0000021FFA0CF900][0000021FF9834F80 49] Android_Low, [0000021FFA07DB00][0000021FF98390C0 49] Android_Mid, [0000021FFA0CF000][0000021FF9841240 49] Android_High, [0000021FFA07E300][0000021FF98453C0 49] Android_Default, [0000021FFA0CE000][0000021FF9849540 49] Android_Adreno4xx, [0000021FFA07C100][0000021FF984D6C0 49] Android_Adreno5xx_Low, [0000021FFA0CCB00][0000021FF9851840 49] Android_Adreno5xx, [0000021FFA07D800][0000021FF98559C0 49] Android_Adreno6xx, [0000021FFA0CD100][0000021FF9859B40 49] Android_Adreno6xx_Vulkan, [0000021FFA07C800][0000021FF985C140 49] Android_Mali_T6xx, [0000021FFA0CF600][0000021FF98602C0 49] Android_Mali_T7xx, [0000021FFA07CD00][0000021FFAC5E440 49] Android_Mali_T8xx, [0000021FFA0CFC00][0000021FFAC6E5C0 49] Android_Mali_G71, [0000021FFA07D500][0000021FFAC7E740 49] Android_Mali_G72, [0000021FFA0CFE00][0000021FFAC828C0 49] Android_Mali_G72_Vulkan, [0000021FFA07FD00][0000021FFAC86A40 49] Android_Mali_G76, [0000021FFA0CFA00][0000021FF977ABC0 49] Android_Mali_G76_Vulkan, [0000021FFA07F600][0000021FF977ED40 49] Android_Mali_G77, [0000021FFA0CE200][0000021FF9782EC0 49] Android_Mali_G77_Vulkan, [0000021FFA07D200][0000021FF983D000 49] Android_Mali_G78, [0000021FFA0CCA00][0000021FF9787140 49] Android_Mali_G78_Vulkan, [0000021FFA07F000][0000021FF978F280 49] Android_Mali_G710, [0000021FFA0CD400][0000021FF95F53C0 49] Android_Mali_G710_Vulkan, [0000021FFA07C700][0000021FF9601540 49] Android_Vulkan_SM5, [0000021FFA0CD800][0000021FF96056C0 49] Android_PowerVR_G6xxx, [0000021FFA07CE00][0000021FF9609840 49] Android_PowerVR_GT7xxx, [0000021FFA0CC200][0000021FF960D9C0 49] Android_PowerVR_GE8xxx, [0000021FFA07C600][0000021FF978BB40 49] Android_PowerVR_GM9xxx, [0000021FFA0CE600][0000021FF95F8140 49] Android_PowerVR_GM9xxx_Vulkan, [0000021FFA084F00][0000021FF829E2C0 49] Android_TegraK1, [0000021FFA0CEA00][0000021FF82A2440 49] Android_Unknown_Vulkan, [0000021FFA084D00][0000021FF82A65C0 49] Lumin, [0000021FFA0CD200][0000021FF96B6740 49] Lumin_Desktop, [0000021FFA084B00][0000021FF844A8C0 49] HoloLens, 
[2022.04.29-17.56.05:224][  0]LogMeshReduction: Using QuadricMeshReduction for automatic static mesh reduction
[2022.04.29-17.56.05:224][  0]LogMeshReduction: Using SimplygonMeshReduction for automatic skeletal mesh reduction
[2022.04.29-17.56.05:224][  0]LogMeshReduction: Using ProxyLODMeshReduction for automatic mesh merging
[2022.04.29-17.56.05:224][  0]LogMeshReduction: No distributed automatic mesh merging module available
[2022.04.29-17.56.05:224][  0]LogMeshMerging: No distributed automatic mesh merging module available
[2022.04.29-17.56.05:243][  0]LogNetVersion: boneChurch 1.0.0, NetCL: 17155196, EngineNetVer: 17, GameNetVer: 0 (Checksum: 3821351431)
[2022.04.29-17.56.05:706][  0]LogTexture: Default maximum texture size for cubemaps generated from long-lat sources has been changed from 512 to unlimited. In order to preserve old behaiour for '/Engine/MapTemplates/Sky/DaylightAmbientCubemap.DaylightAmbientCubemap', its maximum texture size has been explicitly set to 512.
[2022.04.29-17.56.05:772][  0]LogHMD: PokeAHoleMaterial loaded successfully
[2022.04.29-17.56.05:780][  0]LogUObjectArray: 17178 objects as part of root set at end of initial load.
[2022.04.29-17.56.05:780][  0]LogUObjectAllocator: 4302048 out of 0 bytes used by permanent object pool.
[2022.04.29-17.56.05:780][  0]LogUObjectArray: CloseDisregardForGC: 0/0 objects in disregard for GC pool
[2022.04.29-17.56.06:010][  0]LogNiagaraDebuggerClient: Niagara Debugger Client Initialized | Session: 3075C2A2463632AC62A6F09243AC034D | Instance: 28778CE64F6F767E239B7AA074A03A4D (LAPTOP-UTNLGBGI-42060).
[2022.04.29-17.56.06:308][  0]LogTcpMessaging: Initializing TcpMessaging bridge
[2022.04.29-17.56.06:313][  0]LogUdpMessaging: Initializing bridge on interface 0.0.0.0:0 to multicast group 230.0.0.1:6666.
[2022.04.29-17.56.06:334][  0]LogPython: Using Python 3.7.7
[2022.04.29-17.56.07:055][  0]SourceControl: Source control is disabled
[2022.04.29-17.56.07:055][  0]SourceControl: Source control is disabled
[2022.04.29-17.56.07:060][  0]SourceControl: Source control is disabled
[2022.04.29-17.56.07:064][  0]SourceControl: Source control is disabled
[2022.04.29-17.56.07:075][  0]SourceControl: Source control is disabled
[2022.04.29-17.56.07:084][  0]LogUProjectInfo: Found projects:
[2022.04.29-17.56.07:371][  0]LogOpenImageDenoise: OIDN starting up
[2022.04.29-17.56.07:389][  0]LogAndroidPermission: UAndroidPermissionCallbackProxy::GetInstance
[2022.04.29-17.56.07:425][  0]LogAudioCaptureCore: Display: No Audio Capture implementations found. Audio input will be silent.
[2022.04.29-17.56.07:425][  0]LogAudioCaptureCore: Display: No Audio Capture implementations found. Audio input will be silent.
[2022.04.29-17.56.07:570][  0]LogCollectionManager: Loaded 0 collections in 0.001641 seconds
[2022.04.29-17.56.07:600][  0]LogFileCache: Scanning file cache for directory 'C:/Users/allis/OneDrive/Documents/GitHub/3DEnviro/Saved/Collections/' took 0.00s
[2022.04.29-17.56.07:600][  0]LogFileCache: Scanning file cache for directory 'C:/Users/allis/OneDrive/Documents/GitHub/3DEnviro/Content/Developers/allis/Collections/' took 0.00s
[2022.04.29-17.56.07:600][  0]LogFileCache: Scanning file cache for directory 'C:/Users/allis/OneDrive/Documents/GitHub/3DEnviro/Content/Collections/' took 0.00s
[2022.04.29-17.56.07:600][  0]LogOcInput: OculusInput pre-init called
[2022.04.29-17.56.07:860][  0]LogEngine: Initializing Engine...
[2022.04.29-17.56.07:871][  0]LogHMD: Failed to enumerate extensions. Please check that you have a valid OpenXR runtime installed.
[2022.04.29-17.56.07:872][  0]LogHMD: Failed to initialize OpenVR with code 110
[2022.04.29-17.56.07:872][  0]LogMagicLeap: Warning: VR disabled because ZI is not enabled.  To enable, in the editor, Edit -> Project Settings -> Plugins -> Magic Leap Plugin -> Enable Zero Iteration
[2022.04.29-17.56.07:873][  0]LogStats: UGameplayTagsManager::InitializeManager -  0.000 s
[2022.04.29-17.56.07:985][  0]LogInit: Initializing FReadOnlyCVARCache
[2022.04.29-17.56.08:001][  0]LogAIModule: Creating AISystem for world Untitled
[2022.04.29-17.56.08:055][  0]LogAudio: Display: Initializing Audio Device Manager...
[2022.04.29-17.56.08:061][  0]LogAudio: Display: Loading Default Audio Settings Objects...
[2022.04.29-17.56.08:062][  0]LogAudio: Display: No default SoundConcurrencyObject specified (or failed to load).
[2022.04.29-17.56.08:062][  0]LogAudio: Display: Audio Device Manager Initialized
[2022.04.29-17.56.08:062][  0]LogAudio: Display: Creating Audio Device:                 Id: 1, Scope: Shared, Realtime: True
[2022.04.29-17.56.08:062][  0]LogAudioMixer: Display: Audio Mixer Platform Settings:
[2022.04.29-17.56.08:062][  0]LogAudioMixer: Display: 	Sample Rate:						  48000
[2022.04.29-17.56.08:062][  0]LogAudioMixer: Display: 	Callback Buffer Frame Size Requested: 1024
[2022.04.29-17.56.08:062][  0]LogAudioMixer: Display: 	Callback Buffer Frame Size To Use:	  1024
[2022.04.29-17.56.08:062][  0]LogAudioMixer: Display: 	Number of buffers to queue:			  2
[2022.04.29-17.56.08:062][  0]LogAudioMixer: Display: 	Max Channels (voices):				  32
[2022.04.29-17.56.08:062][  0]LogAudioMixer: Display: 	Number of Async Source Workers:		  0
[2022.04.29-17.56.08:062][  0]LogAudio: Display: AudioDevice MaxSources: 32
[2022.04.29-17.56.08:063][  0]LogAudio: Display: Audio Spatialization Plugin: None (built-in).
[2022.04.29-17.56.08:063][  0]LogAudio: Display: Audio Reverb Plugin: None (built-in).
[2022.04.29-17.56.08:063][  0]LogAudio: Display: Audio Occlusion Plugin: None (built-in).
[2022.04.29-17.56.08:063][  0]LogAudioMixer: Display: Initializing audio mixer.
[2022.04.29-17.56.08:127][  0]LogAudioMixer: Display: 0: FrontLeft
[2022.04.29-17.56.08:127][  0]LogAudioMixer: Display: 1: FrontRight
[2022.04.29-17.56.08:556][  0]LogAudioMixer: Display: Using Audio Device Speakers (Realtek(R) Audio)
[2022.04.29-17.56.08:557][  0]LogAudioMixer: Display: Initializing Sound Submixes...
[2022.04.29-17.56.08:560][  0]LogAudioMixer: Display: Creating Master Submix 'MasterSubmixDefault'
[2022.04.29-17.56.08:560][  0]LogAudioMixer: Display: Creating Master Submix 'MasterReverbSubmixDefault'
[2022.04.29-17.56.08:561][  0]LogAudioMixer: Display: Creating Master Submix 'MasterEQSubmixDefault'
[2022.04.29-17.56.08:561][  0]LogAudioMixer: FMixerPlatformXAudio2::StartAudioStream() called
[2022.04.29-17.56.08:561][  0]LogAudioMixer: Display: Output buffers initialized: Frames=1024, Channels=2, Samples=2048
[2022.04.29-17.56.08:563][  0]LogAudioMixer: Display: Starting AudioMixerPlatformInterface::RunInternal()
[2022.04.29-17.56.08:563][  0]LogAudioMixer: Display: FMixerPlatformXAudio2::SubmitBuffer() called for the first time
[2022.04.29-17.56.08:563][  0]LogInit: FAudioDevice initialized.
[2022.04.29-17.56.08:563][  0]LogAudio: Display: Audio Device (ID: 1) registered with world 'Untitled'.
[2022.04.29-17.56.08:563][  0]LogNetVersion: Set ProjectVersion to 1.0.0.0. Version Checksum will be recalculated on next use.
[2022.04.29-17.56.08:619][  0]LogDerivedDataCache: Saved boot cache 0.06s 94MB C:/Users/allis/AppData/Local/UnrealEngine/4.27/DerivedDataCache/Boot.ddc.
[2022.04.29-17.56.08:619][  0]LogInit: Texture streaming: Enabled
[2022.04.29-17.56.08:635][  0]LogAnalytics: Display: [UEEditor.Rocket.Release] APIServer = https://datarouter.ol.epicgames.com/. AppVersion = 4.27.2-18319896+++UE4+Release-4.27
[2022.04.29-17.56.08:642][  0]LogEngineSessionManager: EngineSessionManager initialized
[2022.04.29-17.56.08:642][  0]LogEditorSessionSummary: Verbose: Initializing EditorSessionSummaryWriter for editor session tracking
[2022.04.29-17.56.08:649][  0]LogEditorSessionSummary: EditorSessionSummaryWriter initialized
[2022.04.29-17.56.08:690][  0]LogInit: Transaction tracking system initialized
[2022.04.29-17.56.08:717][  0]BlueprintLog: New page: Editor Load
[2022.04.29-17.56.08:793][  0]LocalizationService: Localization service is disabled
[2022.04.29-17.56.08:822][  0]TimingProfiler: Initialize
[2022.04.29-17.56.08:822][  0]TimingProfiler: OnSessionChanged
[2022.04.29-17.56.08:823][  0]LoadingProfiler: Initialize
[2022.04.29-17.56.08:823][  0]LoadingProfiler: OnSessionChanged
[2022.04.29-17.56.08:823][  0]NetworkingProfiler: Initialize
[2022.04.29-17.56.08:823][  0]NetworkingProfiler: OnSessionChanged
[2022.04.29-17.56.08:823][  0]MemoryProfiler: Initialize
[2022.04.29-17.56.08:823][  0]MemoryProfiler: OnSessionChanged
[2022.04.29-17.56.09:003][  0]LogCook: Display: CookSettings for Memory: MemoryMaxUsedVirtual 0MiB, MemoryMaxUsedPhysical 16384MiB, MemoryMinFreeVirtual 0MiB, MemoryMinFreePhysical 1024MiB
[2022.04.29-17.56.09:003][  0]LogCook: Display: Mobile HDR setting 1
[2022.04.29-17.56.09:235][  0]LogFileCache: Scanning file cache for directory 'C:/Users/allis/OneDrive/Documents/GitHub/3DEnviro/Content/' took 0.01s
[2022.04.29-17.56.09:428][  0]LogInit: Display: Engine is initialized. Leaving FEngineLoop::Init()
[2022.04.29-17.56.09:434][  0]SourceControl: Source control is disabled
[2022.04.29-17.56.09:434][  0]LogUnrealEdMisc: Loading editor; pre map load, took 8.281
[2022.04.29-17.56.09:435][  0]Cmd: MAP LOAD FILE="../../../../../../Users/allis/OneDrive/Documents/GitHub/3DEnviro/Content/ThirdPersonBP/Maps/ThirdPersonExampleMap.umap" TEMPLATE=0 SHOWPROGRESS=1 FEATURELEVEL=3
[2022.04.29-17.56.09:435][  0]LightingResults: New page: Lighting Build
[2022.04.29-17.56.09:436][  0]LogWorld: UWorld::CleanupWorld for Untitled, bSessionEnded=true, bCleanupResources=true
[2022.04.29-17.56.09:437][  0]LogSlate: InvalidateAllWidgets triggered.  All widgets were invalidated
[2022.04.29-17.56.09:437][  0]MapCheck: New page: Map Check
[2022.04.29-17.56.09:437][  0]LightingResults: New page: Lighting Build
[2022.04.29-17.56.09:441][  0]LogAudio: Display: Audio Device unregistered from world 'None'.
[2022.04.29-17.56.09:444][  0]LogUObjectHash: Compacting FUObjectHashTables data took   0.96ms
[2022.04.29-17.56.10:028][  0]LogAudio: Display: Audio Device (ID: 1) registered with world 'ThirdPersonExampleMap'.
[2022.04.29-17.56.10:029][  0]LogAIModule: Creating AISystem for world ThirdPersonExampleMap
[2022.04.29-17.56.10:053][  0]LogEditorServer: Finished looking for orphan Actors (0.000 secs)
[2022.04.29-17.56.10:064][  0]LogUObjectHash: Compacting FUObjectHashTables data took   1.72ms
[2022.04.29-17.56.10:064][  0]Cmd: MAP CHECKDEP NOCLEARLOG
[2022.04.29-17.56.10:065][  0]MapCheck: Map check complete: 0 Error(s), 0 Warning(s), took 0.265ms to complete.
[2022.04.29-17.56.10:065][  0]LogFileHelpers: Loading map 'ThirdPersonExampleMap' took 0.630
[2022.04.29-17.56.10:068][  0]LogUnrealEdMisc: Total Editor Startup Time, took 8.914
[2022.04.29-17.56.10:248][  0]LogSlate: Updating window title bar state: overlay mode, drag disabled, window buttons hidden, title bar hidden
[2022.04.29-17.56.10:256][  0]LogSlate: Updating window title bar state: overlay mode, drag disabled, window buttons hidden, title bar hidden
[2022.04.29-17.56.10:263][  0]LogSlate: Updating window title bar state: overlay mode, drag disabled, window buttons hidden, title bar hidden
[2022.04.29-17.56.10:270][  0]LogSlate: Updating window title bar state: overlay mode, drag disabled, window buttons hidden, title bar hidden
[2022.04.29-17.56.10:321][  0]LogNativeClassHierarchy: Verbose: Native class hierarchy populated in 0.0129 seconds. Added 3822 classes and 928 folders.
[2022.04.29-17.56.10:331][  0]LogNativeClassHierarchy: Verbose: Native class hierarchy updated for 'WidgetCarousel' in 0.0003 seconds. Added 0 classes and 0 folders.
[2022.04.29-17.56.10:338][  0]LogPakFile: PakFile PrimaryIndexSize=187
[2022.04.29-17.56.10:338][  0]LogPakFile: PakFile PathHashIndexSize=101
[2022.04.29-17.56.10:338][  0]LogPakFile: PakFile FullDirectoryIndexSize=148
[2022.04.29-17.56.10:339][  0]LogShaderLibrary: Display: ShaderCodeLibraryPakFileMountedCallback: PakFile 'C:/Program Files/Epic Games/UE_4.27/FeaturePacks/FP_FirstPerson.upack' (chunk index -1, root 'root:/') mounted
[2022.04.29-17.56.10:339][  0]LogShaderLibrary: Display: ShaderCodeLibraryPakFileMountedCallback: pending pak file info (ChunkID:-1 Root:root:/ File:C:/Program Files/Epic Games/UE_4.27/FeaturePacks/FP_FirstPerson.upack)
[2022.04.29-17.56.10:339][  0]LogPakFile: OnPakFileMounted2Time == 0.001063
[2022.04.29-17.56.10:342][  0]LogPakFile: PakFile PrimaryIndexSize=189
[2022.04.29-17.56.10:342][  0]LogPakFile: PakFile PathHashIndexSize=101
[2022.04.29-17.56.10:342][  0]LogPakFile: PakFile FullDirectoryIndexSize=152
[2022.04.29-17.56.10:342][  0]LogShaderLibrary: Display: ShaderCodeLibraryPakFileMountedCallback: PakFile 'C:/Program Files/Epic Games/UE_4.27/FeaturePacks/FP_FirstPersonBP.upack' (chunk index -1, root 'root:/') mounted
[2022.04.29-17.56.10:342][  0]LogShaderLibrary: Display: ShaderCodeLibraryPakFileMountedCallback: pending pak file info (ChunkID:-1 Root:root:/ File:C:/Program Files/Epic Games/UE_4.27/FeaturePacks/FP_FirstPersonBP.upack)
[2022.04.29-17.56.10:342][  0]LogPakFile: OnPakFileMounted2Time == 0.000064
[2022.04.29-17.56.10:344][  0]LogPakFile: PakFile PrimaryIndexSize=191
[2022.04.29-17.56.10:344][  0]LogPakFile: PakFile PathHashIndexSize=101
[2022.04.29-17.56.10:344][  0]LogPakFile: PakFile FullDirectoryIndexSize=160
[2022.04.29-17.56.10:344][  0]LogShaderLibrary: Display: ShaderCodeLibraryPakFileMountedCallback: PakFile 'C:/Program Files/Epic Games/UE_4.27/FeaturePacks/MobileStarterContent.upack' (chunk index -1, root 'root:/') mounted
[2022.04.29-17.56.10:344][  0]LogShaderLibrary: Display: ShaderCodeLibraryPakFileMountedCallback: pending pak file info (ChunkID:-1 Root:root:/ File:C:/Program Files/Epic Games/UE_4.27/FeaturePacks/MobileStarterContent.upack)
[2022.04.29-17.56.10:344][  0]LogPakFile: OnPakFileMounted2Time == 0.000067
[2022.04.29-17.56.10:346][  0]LogPakFile: PakFile PrimaryIndexSize=185
[2022.04.29-17.56.10:346][  0]LogPakFile: PakFile PathHashIndexSize=101
[2022.04.29-17.56.10:346][  0]LogPakFile: PakFile FullDirectoryIndexSize=148
[2022.04.29-17.56.10:346][  0]LogShaderLibrary: Display: ShaderCodeLibraryPakFileMountedCallback: PakFile 'C:/Program Files/Epic Games/UE_4.27/FeaturePacks/StarterContent.upack' (chunk index -1, root 'root:/') mounted
[2022.04.29-17.56.10:346][  0]LogShaderLibrary: Display: ShaderCodeLibraryPakFileMountedCallback: pending pak file info (ChunkID:-1 Root:root:/ File:C:/Program Files/Epic Games/UE_4.27/FeaturePacks/StarterContent.upack)
[2022.04.29-17.56.10:346][  0]LogPakFile: OnPakFileMounted2Time == 0.000062
[2022.04.29-17.56.10:347][  0]LogPakFile: PakFile PrimaryIndexSize=190
[2022.04.29-17.56.10:347][  0]LogPakFile: PakFile PathHashIndexSize=101
[2022.04.29-17.56.10:347][  0]LogPakFile: PakFile FullDirectoryIndexSize=154
[2022.04.29-17.56.10:347][  0]LogShaderLibrary: Display: ShaderCodeLibraryPakFileMountedCallback: PakFile 'C:/Program Files/Epic Games/UE_4.27/FeaturePacks/TP_2DSideScroller.upack' (chunk index -1, root 'root:/') mounted
[2022.04.29-17.56.10:347][  0]LogShaderLibrary: Display: ShaderCodeLibraryPakFileMountedCallback: pending pak file info (ChunkID:-1 Root:root:/ File:C:/Program Files/Epic Games/UE_4.27/FeaturePacks/TP_2DSideScroller.upack)
[2022.04.29-17.56.10:347][  0]LogPakFile: OnPakFileMounted2Time == 0.000038
[2022.04.29-17.56.10:349][  0]LogPakFile: PakFile PrimaryIndexSize=192
[2022.04.29-17.56.10:349][  0]LogPakFile: PakFile PathHashIndexSize=101
[2022.04.29-17.56.10:349][  0]LogPakFile: PakFile FullDirectoryIndexSize=158
[2022.04.29-17.56.10:349][  0]LogShaderLibrary: Display: ShaderCodeLibraryPakFileMountedCallback: PakFile 'C:/Program Files/Epic Games/UE_4.27/FeaturePacks/TP_2DSideScrollerBP.upack' (chunk index -1, root 'root:/') mounted
[2022.04.29-17.56.10:349][  0]LogShaderLibrary: Display: ShaderCodeLibraryPakFileMountedCallback: pending pak file info (ChunkID:-1 Root:root:/ File:C:/Program Files/Epic Games/UE_4.27/FeaturePacks/TP_2DSideScrollerBP.upack)
[2022.04.29-17.56.10:349][  0]LogPakFile: OnPakFileMounted2Time == 0.000050
[2022.04.29-17.56.10:351][  0]LogPakFile: PakFile PrimaryIndexSize=182
[2022.04.29-17.56.10:351][  0]LogPakFile: PakFile PathHashIndexSize=101
[2022.04.29-17.56.10:351][  0]LogPakFile: PakFile FullDirectoryIndexSize=138
[2022.04.29-17.56.10:351][  0]LogShaderLibrary: Display: ShaderCodeLibraryPakFileMountedCallback: PakFile 'C:/Program Files/Epic Games/UE_4.27/FeaturePacks/TP_Flying.upack' (chunk index -1, root 'root:/') mounted
[2022.04.29-17.56.10:351][  0]LogShaderLibrary: Display: ShaderCodeLibraryPakFileMountedCallback: pending pak file info (ChunkID:-1 Root:root:/ File:C:/Program Files/Epic Games/UE_4.27/FeaturePacks/TP_Flying.upack)
[2022.04.29-17.56.10:351][  0]LogPakFile: OnPakFileMounted2Time == 0.000036
[2022.04.29-17.56.10:352][  0]LogPakFile: PakFile PrimaryIndexSize=184
[2022.04.29-17.56.10:352][  0]LogPakFile: PakFile PathHashIndexSize=101
[2022.04.29-17.56.10:352][  0]LogPakFile: PakFile FullDirectoryIndexSize=142
[2022.04.29-17.56.10:352][  0]LogShaderLibrary: Display: ShaderCodeLibraryPakFileMountedCallback: PakFile 'C:/Program Files/Epic Games/UE_4.27/FeaturePacks/TP_FlyingBP.upack' (chunk index -1, root 'root:/') mounted
[2022.04.29-17.56.10:352][  0]LogShaderLibrary: Display: ShaderCodeLibraryPakFileMountedCallback: pending pak file info (ChunkID:-1 Root:root:/ File:C:/Program Files/Epic Games/UE_4.27/FeaturePacks/TP_FlyingBP.upack)
[2022.04.29-17.56.10:352][  0]LogPakFile: OnPakFileMounted2Time == 0.000041
[2022.04.29-17.56.10:354][  0]LogPakFile: PakFile PrimaryIndexSize=188
[2022.04.29-17.56.10:354][  0]LogPakFile: PakFile PathHashIndexSize=101
[2022.04.29-17.56.10:354][  0]LogPakFile: PakFile FullDirectoryIndexSize=150
[2022.04.29-17.56.10:354][  0]LogShaderLibrary: Display: ShaderCodeLibraryPakFileMountedCallback: PakFile 'C:/Program Files/Epic Games/UE_4.27/FeaturePacks/TP_HandheldARBP.upack' (chunk index -1, root 'root:/') mounted
[2022.04.29-17.56.10:354][  0]LogShaderLibrary: Display: ShaderCodeLibraryPakFileMountedCallback: pending pak file info (ChunkID:-1 Root:root:/ File:C:/Program Files/Epic Games/UE_4.27/FeaturePacks/TP_HandheldARBP.upack)
[2022.04.29-17.56.10:354][  0]LogPakFile: OnPakFileMounted2Time == 0.000034
[2022.04.29-17.56.10:357][  0]LogPakFile: PakFile PrimaryIndexSize=182
[2022.04.29-17.56.10:357][  0]LogPakFile: PakFile PathHashIndexSize=101
[2022.04.29-17.56.10:357][  0]LogPakFile: PakFile FullDirectoryIndexSize=138
[2022.04.29-17.56.10:357][  0]LogShaderLibrary: Display: ShaderCodeLibraryPakFileMountedCallback: PakFile 'C:/Program Files/Epic Games/UE_4.27/FeaturePacks/TP_Puzzle.upack' (chunk index -1, root 'root:/') mounted
[2022.04.29-17.56.10:357][  0]LogShaderLibrary: Display: ShaderCodeLibraryPakFileMountedCallback: pending pak file info (ChunkID:-1 Root:root:/ File:C:/Program Files/Epic Games/UE_4.27/FeaturePacks/TP_Puzzle.upack)
[2022.04.29-17.56.10:357][  0]LogPakFile: OnPakFileMounted2Time == 0.000054
[2022.04.29-17.56.10:358][  0]LogPakFile: PakFile PrimaryIndexSize=184
[2022.04.29-17.56.10:358][  0]LogPakFile: PakFile PathHashIndexSize=101
[2022.04.29-17.56.10:358][  0]LogPakFile: PakFile FullDirectoryIndexSize=142
[2022.04.29-17.56.10:358][  0]LogShaderLibrary: Display: ShaderCodeLibraryPakFileMountedCallback: PakFile 'C:/Program Files/Epic Games/UE_4.27/FeaturePacks/TP_PuzzleBP.upack' (chunk index -1, root 'root:/') mounted
[2022.04.29-17.56.10:358][  0]LogShaderLibrary: Display: ShaderCodeLibraryPakFileMountedCallback: pending pak file info (ChunkID:-1 Root:root:/ File:C:/Program Files/Epic Games/UE_4.27/FeaturePacks/TP_PuzzleBP.upack)
[2022.04.29-17.56.10:358][  0]LogPakFile: OnPakFileMounted2Time == 0.000045
[2022.04.29-17.56.10:360][  0]LogPakFile: PakFile PrimaryIndexSize=183
[2022.04.29-17.56.10:360][  0]LogPakFile: PakFile PathHashIndexSize=101
[2022.04.29-17.56.10:360][  0]LogPakFile: PakFile FullDirectoryIndexSize=140
[2022.04.29-17.56.10:360][  0]LogShaderLibrary: Display: ShaderCodeLibraryPakFileMountedCallback: PakFile 'C:/Program Files/Epic Games/UE_4.27/FeaturePacks/TP_Rolling.upack' (chunk index -1, root 'root:/') mounted
[2022.04.29-17.56.10:360][  0]LogShaderLibrary: Display: ShaderCodeLibraryPakFileMountedCallback: pending pak file info (ChunkID:-1 Root:root:/ File:C:/Program Files/Epic Games/UE_4.27/FeaturePacks/TP_Rolling.upack)
[2022.04.29-17.56.10:360][  0]LogPakFile: OnPakFileMounted2Time == 0.000062
[2022.04.29-17.56.10:361][  0]LogPakFile: PakFile PrimaryIndexSize=185
[2022.04.29-17.56.10:361][  0]LogPakFile: PakFile PathHashIndexSize=101
[2022.04.29-17.56.10:362][  0]LogPakFile: PakFile FullDirectoryIndexSize=144
[2022.04.29-17.56.10:362][  0]LogShaderLibrary: Display: ShaderCodeLibraryPakFileMountedCallback: PakFile 'C:/Program Files/Epic Games/UE_4.27/FeaturePacks/TP_RollingBP.upack' (chunk index -1, root 'root:/') mounted
[2022.04.29-17.56.10:362][  0]LogShaderLibrary: Display: ShaderCodeLibraryPakFileMountedCallback: pending pak file info (ChunkID:-1 Root:root:/ File:C:/Program Files/Epic Games/UE_4.27/FeaturePacks/TP_RollingBP.upack)
[2022.04.29-17.56.10:362][  0]LogPakFile: OnPakFileMounted2Time == 0.000067
[2022.04.29-17.56.10:363][  0]LogPakFile: PakFile PrimaryIndexSize=188
[2022.04.29-17.56.10:364][  0]LogPakFile: PakFile PathHashIndexSize=101
[2022.04.29-17.56.10:364][  0]LogPakFile: PakFile FullDirectoryIndexSize=150
[2022.04.29-17.56.10:364][  0]LogShaderLibrary: Display: ShaderCodeLibraryPakFileMountedCallback: PakFile 'C:/Program Files/Epic Games/UE_4.27/FeaturePacks/TP_SideScroller.upack' (chunk index -1, root 'root:/') mounted
[2022.04.29-17.56.10:364][  0]LogShaderLibrary: Display: ShaderCodeLibraryPakFileMountedCallback: pending pak file info (ChunkID:-1 Root:root:/ File:C:/Program Files/Epic Games/UE_4.27/FeaturePacks/TP_SideScroller.upack)
[2022.04.29-17.56.10:364][  0]LogPakFile: OnPakFileMounted2Time == 0.000041
[2022.04.29-17.56.10:365][  0]LogPakFile: PakFile PrimaryIndexSize=190
[2022.04.29-17.56.10:365][  0]LogPakFile: PakFile PathHashIndexSize=101
[2022.04.29-17.56.10:365][  0]LogPakFile: PakFile FullDirectoryIndexSize=154
[2022.04.29-17.56.10:365][  0]LogShaderLibrary: Display: ShaderCodeLibraryPakFileMountedCallback: PakFile 'C:/Program Files/Epic Games/UE_4.27/FeaturePacks/TP_SideScrollerBP.upack' (chunk index -1, root 'root:/') mounted
[2022.04.29-17.56.10:365][  0]LogShaderLibrary: Display: ShaderCodeLibraryPakFileMountedCallback: pending pak file info (ChunkID:-1 Root:root:/ File:C:/Program Files/Epic Games/UE_4.27/FeaturePacks/TP_SideScrollerBP.upack)
[2022.04.29-17.56.10:365][  0]LogPakFile: OnPakFileMounted2Time == 0.000051
[2022.04.29-17.56.10:366][  0]LogPakFile: PakFile PrimaryIndexSize=187
[2022.04.29-17.56.10:366][  0]LogPakFile: PakFile PathHashIndexSize=101
[2022.04.29-17.56.10:366][  0]LogPakFile: PakFile FullDirectoryIndexSize=148
[2022.04.29-17.56.10:366][  0]LogShaderLibrary: Display: ShaderCodeLibraryPakFileMountedCallback: PakFile 'C:/Program Files/Epic Games/UE_4.27/FeaturePacks/TP_ThirdPerson.upack' (chunk index -1, root 'root:/') mounted
[2022.04.29-17.56.10:366][  0]LogShaderLibrary: Display: ShaderCodeLibraryPakFileMountedCallback: pending pak file info (ChunkID:-1 Root:root:/ File:C:/Program Files/Epic Games/UE_4.27/FeaturePacks/TP_ThirdPerson.upack)
[2022.04.29-17.56.10:366][  0]LogPakFile: OnPakFileMounted2Time == 0.000031
[2022.04.29-17.56.10:368][  0]LogPakFile: PakFile PrimaryIndexSize=189
[2022.04.29-17.56.10:368][  0]LogPakFile: PakFile PathHashIndexSize=101
[2022.04.29-17.56.10:368][  0]LogPakFile: PakFile FullDirectoryIndexSize=152
[2022.04.29-17.56.10:368][  0]LogShaderLibrary: Display: ShaderCodeLibraryPakFileMountedCallback: PakFile 'C:/Program Files/Epic Games/UE_4.27/FeaturePacks/TP_ThirdPersonBP.upack' (chunk index -1, root 'root:/') mounted
[2022.04.29-17.56.10:368][  0]LogShaderLibrary: Display: ShaderCodeLibraryPakFileMountedCallback: pending pak file info (ChunkID:-1 Root:root:/ File:C:/Program Files/Epic Games/UE_4.27/FeaturePacks/TP_ThirdPersonBP.upack)
[2022.04.29-17.56.10:368][  0]LogPakFile: OnPakFileMounted2Time == 0.000062
[2022.04.29-17.56.10:369][  0]LogPakFile: PakFile PrimaryIndexSize=183
[2022.04.29-17.56.10:369][  0]LogPakFile: PakFile PathHashIndexSize=101
[2022.04.29-17.56.10:369][  0]LogPakFile: PakFile FullDirectoryIndexSize=140
[2022.04.29-17.56.10:369][  0]LogShaderLibrary: Display: ShaderCodeLibraryPakFileMountedCallback: PakFile 'C:/Program Files/Epic Games/UE_4.27/FeaturePacks/TP_TopDown.upack' (chunk index -1, root 'root:/') mounted
[2022.04.29-17.56.10:369][  0]LogShaderLibrary: Display: ShaderCodeLibraryPakFileMountedCallback: pending pak file info (ChunkID:-1 Root:root:/ File:C:/Program Files/Epic Games/UE_4.27/FeaturePacks/TP_TopDown.upack)
[2022.04.29-17.56.10:370][  0]LogPakFile: OnPakFileMounted2Time == 0.000065
[2022.04.29-17.56.10:371][  0]LogPakFile: PakFile PrimaryIndexSize=185
[2022.04.29-17.56.10:371][  0]LogPakFile: PakFile PathHashIndexSize=101
[2022.04.29-17.56.10:371][  0]LogPakFile: PakFile FullDirectoryIndexSize=144
[2022.04.29-17.56.10:371][  0]LogShaderLibrary: Display: ShaderCodeLibraryPakFileMountedCallback: PakFile 'C:/Program Files/Epic Games/UE_4.27/FeaturePacks/TP_TopDownBP.upack' (chunk index -1, root 'root:/') mounted
[2022.04.29-17.56.10:371][  0]LogShaderLibrary: Display: ShaderCodeLibraryPakFileMountedCallback: pending pak file info (ChunkID:-1 Root:root:/ File:C:/Program Files/Epic Games/UE_4.27/FeaturePacks/TP_TopDownBP.upack)
[2022.04.29-17.56.10:371][  0]LogPakFile: OnPakFileMounted2Time == 0.000034
[2022.04.29-17.56.10:373][  0]LogPakFile: PakFile PrimaryIndexSize=185
[2022.04.29-17.56.10:373][  0]LogPakFile: PakFile PathHashIndexSize=101
[2022.04.29-17.56.10:373][  0]LogPakFile: PakFile FullDirectoryIndexSize=144
[2022.04.29-17.56.10:373][  0]LogShaderLibrary: Display: ShaderCodeLibraryPakFileMountedCallback: PakFile 'C:/Program Files/Epic Games/UE_4.27/FeaturePacks/TP_TwinStick.upack' (chunk index -1, root 'root:/') mounted
[2022.04.29-17.56.10:373][  0]LogShaderLibrary: Display: ShaderCodeLibraryPakFileMountedCallback: pending pak file info (ChunkID:-1 Root:root:/ File:C:/Program Files/Epic Games/UE_4.27/FeaturePacks/TP_TwinStick.upack)
[2022.04.29-17.56.10:373][  0]LogPakFile: OnPakFileMounted2Time == 0.000034
[2022.04.29-17.56.10:374][  0]LogPakFile: PakFile PrimaryIndexSize=187
[2022.04.29-17.56.10:374][  0]LogPakFile: PakFile PathHashIndexSize=101
[2022.04.29-17.56.10:374][  0]LogPakFile: PakFile FullDirectoryIndexSize=148
[2022.04.29-17.56.10:374][  0]LogShaderLibrary: Display: ShaderCodeLibraryPakFileMountedCallback: PakFile 'C:/Program Files/Epic Games/UE_4.27/FeaturePacks/TP_TwinStickBP.upack' (chunk index -1, root 'root:/') mounted
[2022.04.29-17.56.10:375][  0]LogShaderLibrary: Display: ShaderCodeLibraryPakFileMountedCallback: pending pak file info (ChunkID:-1 Root:root:/ File:C:/Program Files/Epic Games/UE_4.27/FeaturePacks/TP_TwinStickBP.upack)
[2022.04.29-17.56.10:375][  0]LogPakFile: OnPakFileMounted2Time == 0.000089
[2022.04.29-17.56.10:376][  0]LogPakFile: PakFile PrimaryIndexSize=183
[2022.04.29-17.56.10:376][  0]LogPakFile: PakFile PathHashIndexSize=101
[2022.04.29-17.56.10:376][  0]LogPakFile: PakFile FullDirectoryIndexSize=140
[2022.04.29-17.56.10:376][  0]LogShaderLibrary: Display: ShaderCodeLibraryPakFileMountedCallback: PakFile 'C:/Program Files/Epic Games/UE_4.27/FeaturePacks/TP_Vehicle.upack' (chunk index -1, root 'root:/') mounted
[2022.04.29-17.56.10:376][  0]LogShaderLibrary: Display: ShaderCodeLibraryPakFileMountedCallback: pending pak file info (ChunkID:-1 Root:root:/ File:C:/Program Files/Epic Games/UE_4.27/FeaturePacks/TP_Vehicle.upack)
[2022.04.29-17.56.10:376][  0]LogPakFile: OnPakFileMounted2Time == 0.000041
[2022.04.29-17.56.10:378][  0]LogPakFile: PakFile PrimaryIndexSize=186
[2022.04.29-17.56.10:378][  0]LogPakFile: PakFile PathHashIndexSize=101
[2022.04.29-17.56.10:378][  0]LogPakFile: PakFile FullDirectoryIndexSize=146
[2022.04.29-17.56.10:378][  0]LogShaderLibrary: Display: ShaderCodeLibraryPakFileMountedCallback: PakFile 'C:/Program Files/Epic Games/UE_4.27/FeaturePacks/TP_VehicleAdv.upack' (chunk index -1, root 'root:/') mounted
[2022.04.29-17.56.10:378][  0]LogShaderLibrary: Display: ShaderCodeLibraryPakFileMountedCallback: pending pak file info (ChunkID:-1 Root:root:/ File:C:/Program Files/Epic Games/UE_4.27/FeaturePacks/TP_VehicleAdv.upack)
[2022.04.29-17.56.10:378][  0]LogPakFile: OnPakFileMounted2Time == 0.000051
[2022.04.29-17.56.10:380][  0]LogPakFile: PakFile PrimaryIndexSize=188
[2022.04.29-17.56.10:380][  0]LogPakFile: PakFile PathHashIndexSize=101
[2022.04.29-17.56.10:380][  0]LogPakFile: PakFile FullDirectoryIndexSize=150
[2022.04.29-17.56.10:380][  0]LogShaderLibrary: Display: ShaderCodeLibraryPakFileMountedCallback: PakFile 'C:/Program Files/Epic Games/UE_4.27/FeaturePacks/TP_VehicleAdvBP.upack' (chunk index -1, root 'root:/') mounted
[2022.04.29-17.56.10:380][  0]LogShaderLibrary: Display: ShaderCodeLibraryPakFileMountedCallback: pending pak file info (ChunkID:-1 Root:root:/ File:C:/Program Files/Epic Games/UE_4.27/FeaturePacks/TP_VehicleAdvBP.upack)
[2022.04.29-17.56.10:380][  0]LogPakFile: OnPakFileMounted2Time == 0.000042
[2022.04.29-17.56.10:381][  0]LogPakFile: PakFile PrimaryIndexSize=185
[2022.04.29-17.56.10:381][  0]LogPakFile: PakFile PathHashIndexSize=101
[2022.04.29-17.56.10:381][  0]LogPakFile: PakFile FullDirectoryIndexSize=144
[2022.04.29-17.56.10:381][  0]LogShaderLibrary: Display: ShaderCodeLibraryPakFileMountedCallback: PakFile 'C:/Program Files/Epic Games/UE_4.27/FeaturePacks/TP_VehicleBP.upack' (chunk index -1, root 'root:/') mounted
[2022.04.29-17.56.10:381][  0]LogShaderLibrary: Display: ShaderCodeLibraryPakFileMountedCallback: pending pak file info (ChunkID:-1 Root:root:/ File:C:/Program Files/Epic Games/UE_4.27/FeaturePacks/TP_VehicleBP.upack)
[2022.04.29-17.56.10:381][  0]LogPakFile: OnPakFileMounted2Time == 0.000051
[2022.04.29-17.56.10:383][  0]LogPakFile: PakFile PrimaryIndexSize=192
[2022.04.29-17.56.10:383][  0]LogPakFile: PakFile PathHashIndexSize=101
[2022.04.29-17.56.10:383][  0]LogPakFile: PakFile FullDirectoryIndexSize=158
[2022.04.29-17.56.10:383][  0]LogShaderLibrary: Display: ShaderCodeLibraryPakFileMountedCallback: PakFile 'C:/Program Files/Epic Games/UE_4.27/FeaturePacks/TP_VirtualRealityBP.upack' (chunk index -1, root 'root:/') mounted
[2022.04.29-17.56.10:383][  0]LogShaderLibrary: Display: ShaderCodeLibraryPakFileMountedCallback: pending pak file info (ChunkID:-1 Root:root:/ File:C:/Program Files/Epic Games/UE_4.27/FeaturePacks/TP_VirtualRealityBP.upack)
[2022.04.29-17.56.10:383][  0]LogPakFile: OnPakFileMounted2Time == 0.000044
[2022.04.29-17.56.10:539][  0]LogNativeClassHierarchy: Verbose: Native class hierarchy updated for 'AddContentDialog' in 0.0004 seconds. Added 0 classes and 0 folders.
[2022.04.29-17.56.10:545][  0]LogNativeClassHierarchy: Verbose: Native class hierarchy updated for 'SceneOutliner' in 0.0004 seconds. Added 2 classes and 0 folders.
[2022.04.29-17.56.10:739][  0]LogSlate: Took 0.000218 seconds to synchronously load lazily loaded font '../../../Engine/Content/Slate/Fonts/Roboto-Regular.ttf' (155K)
[2022.04.29-17.56.10:748][  0]LogSlate: Took 0.006657 seconds to synchronously load lazily loaded font '../../../Engine/Content/Editor/Slate/Fonts/FontAwesome.ttf' (139K)
[2022.04.29-17.56.10:754][  0]LogSlate: Took 0.000156 seconds to synchronously load lazily loaded font '../../../Engine/Content/Slate/Fonts/Roboto-Bold.ttf' (160K)
[2022.04.29-17.56.10:865][  0]LogRenderer: Reallocating scene render targets to support 1224x404 Format 10 NumSamples 1 (Frame:1).
[2022.04.29-17.56.11:068][  0]LogNativeClassHierarchy: Verbose: Native class hierarchy updated for 'HierarchicalLODOutliner' in 0.0003 seconds. Added 0 classes and 0 folders.
[2022.04.29-17.56.11:068][  0]LogInput: Warning: Action Jump uses invalid key OculusGo_Left_Trigger_Click.
[2022.04.29-17.56.11:068][  0]LogInput: Warning: Action ResetVR uses invalid key OculusGo_Left_Trackpad_Click.
[2022.04.29-17.56.11:068][  0]LogInput: Warning: Use -RemoveInvalidKeys to remove instances of these keys from the action mapping.
[2022.04.29-17.56.11:068][  0]LogLoad: (Engine Initialization) Total time: 9.91 seconds
[2022.04.29-17.56.11:068][  0]LogLoad: (Engine Initialization) Total Blueprint compile time: 0.00 seconds
[2022.04.29-17.56.11:136][  0]LogAssetRegistry: Asset discovery search completed in 6.3934 seconds
[2022.04.29-17.56.11:142][  0]LogCollectionManager: Fixed up redirectors for 0 collections in 0.000018 seconds (updated 0 objects)
[2022.04.29-17.56.11:144][  0]LogContentStreaming: Texture pool size now 1000 MB
[2022.04.29-17.56.11:234][  2]LogSlate: Took 0.006777 seconds to synchronously load lazily loaded font '../../../Engine/Content/Slate/Fonts/Roboto-Light.ttf' (167K)
